<?xml version="1.0" encoding="UTF-8"?>
<!-- Generated by org.testng.reporters.JUnitReportReporter -->
<testsuite ignored="0" hostname="Qualitrix-LinuxPC" failures="0" tests="1" name="org.testscripts.NavigateToMyActivity" time="0.001" errors="0" timestamp="29 Nov 2018 13:36:59 GMT" skipped="1">
  <testcase classname="org.testscripts.NavigateToMyActivity" name="navigateToMyActivity" time="0.001">
    <skipped/>
  </testcase> <!-- navigateToMyActivity -->
</testsuite> <!-- org.testscripts.NavigateToMyActivity -->
