<?xml version="1.0" encoding="UTF-8"?>
<!-- Generated by org.testng.reporters.JUnitReportReporter -->
<testsuite name="org.testscript.regression.CreateResourceByUploadingVideoAndActivityPlugins" tests="2" time="0.029" ignored="0" failures="0" timestamp="07 Dec 2018 09:32:40 GMT" skipped="2" hostname="QUALITRIX-PC" errors="0">
  <testcase name="verifyAddingActivityFunctionality" time="0.027" classname="org.testscript.regression.CreateResourceByUploadingVideoAndActivityPlugins">
    <skipped/>
  </testcase> <!-- verifyAddingActivityFunctionality -->
  <testcase name="verifyUploadingVideo_AddingActivity" time="0.002" classname="org.testscript.regression.CreateResourceByUploadingVideoAndActivityPlugins">
    <skipped/>
  </testcase> <!-- verifyUploadingVideo_AddingActivity -->
</testsuite> <!-- org.testscript.regression.CreateResourceByUploadingVideoAndActivityPlugins -->
