<?xml version="1.0" encoding="UTF-8"?>
<!-- Generated by org.testng.reporters.JUnitReportReporter -->
<<<<<<< HEAD
<testsuite name="org.testscript.UpdateBatchAsInvitedMentor" tests="1" time="0.002" ignored="0" failures="0" timestamp="07 Dec 2018 09:32:40 GMT" skipped="1" hostname="QUALITRIX-PC" errors="0">
  <testcase name="updateBatchAsInvitedMentor" time="0.002" classname="org.testscript.UpdateBatchAsInvitedMentor">
=======
<testsuite ignored="0" hostname="Qualitrix-LinuxPC" failures="0" tests="1" name="org.testscript.UpdateBatchAsInvitedMentor" time="0.001" errors="0" timestamp="07 Dec 2018 12:46:58 GMT" skipped="1">
  <testcase classname="org.testscript.UpdateBatchAsInvitedMentor" name="updateBatchAsInvitedMentor" time="0.001">
>>>>>>> fd04c9623bd7c1c59433d937381798497fdf2ad8
    <skipped/>
  </testcase> <!-- updateBatchAsInvitedMentor -->
</testsuite> <!-- org.testscript.UpdateBatchAsInvitedMentor -->
