<?xml version="1.0" encoding="UTF-8"?>
<!-- Generated by org.testng.reporters.JUnitReportReporter -->
<testsuite ignored="0" hostname="Qualitrix-LinuxPC" failures="0" tests="1" name="org.testscripts.Create_Verify_DeleteAnnouncement" time="105.232" errors="0" timestamp="28 Nov 2018 11:11:54 GMT" skipped="0">
  <testcase classname="org.testscripts.Create_Verify_DeleteAnnouncement" name="create_Verify_DeleteAnnouncement" time="105.232"/>
</testsuite> <!-- org.testscripts.Create_Verify_DeleteAnnouncement -->
