<?xml version="1.0" encoding="UTF-8"?>
<!-- Generated by org.testng.reporters.JUnitReportReporter -->
<testsuite ignored="0" hostname="Qualitrix-LinuxPC" failures="0" tests="1" name="org.testscript.DeleteAnnouncement" time="37.112" errors="0" timestamp="04 Dec 2018 10:19:42 GMT" skipped="0">
  <testcase classname="org.testscript.DeleteAnnouncement" name="deleteAnnouncement" time="37.112"/>
</testsuite> <!-- org.testscript.DeleteAnnouncement -->
