<?xml version="1.0" encoding="UTF-8"?>
<!-- Generated by org.testng.reporters.JUnitReportReporter -->
<testsuite ignored="0" hostname="Qualitrix-LinuxPC" failures="0" tests="2" name="org.sunbird.testscripts.CheckInReviewSubmission" time="0.002" errors="0" timestamp="18 Oct 2018 10:35:41 GMT" skipped="2">
  <testcase classname="org.sunbird.testscripts.CheckInReviewSubmission" name="checkInReviewSubmission" time="0.001">
    <skipped/>
  </testcase> <!-- checkInReviewSubmission -->
  <testcase classname="org.sunbird.testscripts.CheckInReviewSubmission" name="checkInReviewSubmission" time="0.001">
    <skipped/>
  </testcase> <!-- checkInReviewSubmission -->
</testsuite> <!-- org.sunbird.testscripts.CheckInReviewSubmission -->
