<?xml version="1.0" encoding="UTF-8"?>
<!-- Generated by org.testng.reporters.JUnitReportReporter -->
<testsuite ignored="0" hostname="Qualitrix-LinuxPC" failures="0" tests="1" name="org.testscript.SearchOrgsAsAdmin" time="0.002" errors="0" timestamp="07 Dec 2018 03:01:14 GMT" skipped="1">
  <testcase classname="org.testscript.SearchOrgsAsAdmin" name="searchOrgsAsAdmin" time="0.002">
    <skipped/>
  </testcase> <!-- searchOrgsAsAdmin -->
</testsuite> <!-- org.testscript.SearchOrgsAsAdmin -->
