<?xml version="1.0" encoding="UTF-8"?>
<!-- Generated by org.testng.reporters.JUnitReportReporter -->
<testsuite name="org.testscript.VerifycopyContent" tests="1" time="0.001" ignored="0" failures="0" timestamp="07 Dec 2018 09:32:41 GMT" skipped="1" hostname="QUALITRIX-PC" errors="0">
  <testcase name="verifycopyContent" time="0.001" classname="org.testscript.VerifycopyContent">
    <skipped/>
  </testcase> <!-- verifycopyContent -->
</testsuite> <!-- org.testscript.VerifycopyContent -->
