<?xml version="1.0" encoding="UTF-8"?>
<!-- Generated by org.testng.reporters.JUnitReportReporter -->
<testsuite ignored="0" hostname="Qualitrix-LinuxPC" failures="0" tests="1" name="org.sunbird.testscripts.SearchAndDownloadOrgFile" time="0.002" errors="0" timestamp="18 Oct 2018 10:35:41 GMT" skipped="1">
  <testcase classname="org.sunbird.testscripts.SearchAndDownloadOrgFile" name="searchAndDownloadOrgFile" time="0.002">
    <skipped/>
  </testcase> <!-- searchAndDownloadOrgFile -->
</testsuite> <!-- org.sunbird.testscripts.SearchAndDownloadOrgFile -->
