<?xml version="1.0" encoding="UTF-8"?>
<!-- Generated by org.testng.reporters.JUnitReportReporter -->
<testsuite ignored="0" hostname="Qualitrix-LinuxPC" failures="0" tests="1" name="org.testscript.ConsumeCourseByInvitedMember" time="265.724" errors="0" timestamp="04 Dec 2018 08:18:22 GMT" skipped="0">
  <testcase classname="org.testscript.ConsumeCourseByInvitedMember" name="consumeCourseByInvitedMember" time="265.724"/>
</testsuite> <!-- org.testscript.ConsumeCourseByInvitedMember -->
