<?xml version="1.0" encoding="UTF-8"?>
<!-- Generated by org.testng.reporters.JUnitReportReporter -->
<testsuite ignored="0" hostname="Qualitrix-LinuxPC" failures="0" tests="2" name="org.testscript.regression.CreateResourceByUploadingVideoAndActivityPlugins" time="125.551" errors="0" timestamp="10 Dec 2018 03:46:53 GMT" skipped="0">
  <testcase classname="org.testscript.regression.CreateResourceByUploadingVideoAndActivityPlugins" name="verifyUploadingVideo_AddingActivity" time="80.012"/>
  <testcase classname="org.testscript.regression.CreateResourceByUploadingVideoAndActivityPlugins" name="verifyAddingActivityFunctionality" time="45.539"/>
</testsuite> <!-- org.testscript.regression.CreateResourceByUploadingVideoAndActivityPlugins -->
