<?xml version="1.0" encoding="UTF-8"?>
<!-- Generated by org.testng.reporters.JUnitReportReporter -->
<testsuite ignored="0" hostname="Qualitrix-LinuxPC" failures="0" tests="1" name="org.testscripts.UploadEpubContent" time="839.706" errors="0" timestamp="26 Nov 2018 09:45:09 GMT" skipped="0">
  <testcase classname="org.testscripts.UploadEpubContent" name="uploadEpubContent" time="839.706"/>
</testsuite> <!-- org.testscripts.UploadEpubContent -->
