<?xml version="1.0" encoding="UTF-8"?>
<!-- Generated by org.testng.reporters.JUnitReportReporter -->
<testsuite ignored="0" hostname="Qualitrix-LinuxPC" failures="0" tests="1" name="org.testscript.CreateCollectionAndVerify" time="197.719" errors="0" timestamp="04 Dec 2018 06:17:41 GMT" skipped="0">
  <testcase classname="org.testscript.CreateCollectionAndVerify" name="createCollectionAndVerify" time="197.719"/>
</testsuite> <!-- org.testscript.CreateCollectionAndVerify -->
