<?xml version="1.0" encoding="UTF-8"?>
<!-- Generated by org.testng.reporters.JUnitReportReporter -->
<testsuite ignored="0" hostname="Qualitrix-LinuxPC" failures="0" tests="1" name="org.testscript.LoginAndChangePassword" time="11.322" errors="0" timestamp="10 Dec 2018 03:46:53 GMT" skipped="0">
  <testcase classname="org.testscript.LoginAndChangePassword" name="loginAndChangePassword" time="11.322"/>
</testsuite> <!-- org.testscript.LoginAndChangePassword -->
