<?xml version="1.0" encoding="UTF-8"?>
<!-- Generated by org.testng.reporters.JUnitReportReporter -->
<testsuite ignored="0" hostname="Qualitrix-LinuxPC" failures="0" tests="1" name="org.testscript.UploadEpubContent" time="0.001" errors="0" timestamp="04 Dec 2018 16:12:30 GMT" skipped="1">
  <testcase classname="org.testscript.UploadEpubContent" name="uploadEpubContent" time="0.001">
    <skipped/>
  </testcase> <!-- uploadEpubContent -->
</testsuite> <!-- org.testscript.UploadEpubContent -->
