<?xml version="1.0" encoding="UTF-8"?>
<!-- Generated by org.testng.reporters.JUnitReportReporter -->
<testsuite ignored="0" hostname="Qualitrix-LinuxPC" failures="0" tests="1" name="org.testscripts.UploadSubOrgUsersWithOrgId" time="0.001" errors="0" timestamp="25 Nov 2018 06:43:17 GMT" skipped="1">
  <testcase classname="org.testscripts.UploadSubOrgUsersWithOrgId" name="uploadSubOrgUsers" time="0.001">
    <skipped/>
  </testcase> <!-- uploadSubOrgUsers -->
</testsuite> <!-- org.testscripts.UploadSubOrgUsersWithOrgId -->
