<?xml version="1.0" encoding="UTF-8"?>
<!-- Generated by org.testng.reporters.JUnitReportReporter -->
<testsuite ignored="0" hostname="Qualitrix-LinuxPC" failures="0" tests="3" name="org.testscripts.regression.VerifyNoAnnouncement_MyAnnouncement_AnnouncementPopup" time="0.001" errors="0" timestamp="29 Nov 2018 13:36:58 GMT" skipped="3">
  <testcase classname="org.testscripts.regression.VerifyNoAnnouncement_MyAnnouncement_AnnouncementPopup" name="VerifyAnnouncementMessage" time="0.001">
    <skipped/>
  </testcase> <!-- VerifyAnnouncementMessage -->
  <testcase classname="org.testscripts.regression.VerifyNoAnnouncement_MyAnnouncement_AnnouncementPopup" name="VerifyAnnouncementDetails" time="0.000">
    <skipped/>
  </testcase> <!-- VerifyAnnouncementDetails -->
  <testcase classname="org.testscripts.regression.VerifyNoAnnouncement_MyAnnouncement_AnnouncementPopup" name="VerifyAnnouncementCreationFields" time="0.000">
    <skipped/>
  </testcase> <!-- VerifyAnnouncementCreationFields -->
</testsuite> <!-- org.testscripts.regression.VerifyNoAnnouncement_MyAnnouncement_AnnouncementPopup -->
