<?xml version="1.0" encoding="UTF-8"?>
<!-- Generated by org.testng.reporters.JUnitReportReporter -->
<testsuite ignored="0" hostname="Qualitrix-LinuxPC" failures="0" tests="1" name="org.sunbird.testscripts.CheckForDownloadButtonAvailabilityForUserInProfile" time="70.220" errors="0" timestamp="22 Nov 2018 12:34:39 GMT" skipped="0">
  <testcase classname="org.sunbird.testscripts.CheckForDownloadButtonAvailabilityForUserInProfile" name="checkForDownloadButtonAvailabilityForUserInProfile" time="70.220"/>
</testsuite> <!-- org.sunbird.testscripts.CheckForDownloadButtonAvailabilityForUserInProfile -->
