<?xml version="1.0" encoding="UTF-8"?>
<!-- Generated by org.testng.reporters.JUnitReportReporter -->
<testsuite ignored="0" hostname="Qualitrix-LinuxPC" failures="0" tests="1" name="org.sunbird.testscripts.EnrollToCourseInOpenBatch" time="0.000" errors="0" timestamp="18 Oct 2018 10:35:41 GMT" skipped="1">
  <testcase classname="org.sunbird.testscripts.EnrollToCourseInOpenBatch" name="enrollToCourseInOpenBatch" time="0.000">
    <skipped/>
  </testcase> <!-- enrollToCourseInOpenBatch -->
</testsuite> <!-- org.sunbird.testscripts.EnrollToCourseInOpenBatch -->
