<?xml version="1.0" encoding="UTF-8"?>
<!-- Generated by org.testng.reporters.JUnitReportReporter -->
<testsuite ignored="0" hostname="Qualitrix-LinuxPC" failures="0" tests="1" name="org.testscript.SearchOrgsAsAdmin" time="32.950" errors="0" timestamp="04 Dec 2018 08:18:22 GMT" skipped="0">
  <testcase classname="org.testscript.SearchOrgsAsAdmin" name="searchOrgsAsAdmin" time="32.950"/>
</testsuite> <!-- org.testscript.SearchOrgsAsAdmin -->
