<?xml version="1.0" encoding="UTF-8"?>
<!-- Generated by org.testng.reporters.JUnitReportReporter -->
<testsuite ignored="0" hostname="Qualitrix-LinuxPC" failures="0" tests="1" name="org.testscript.CreateLessonPlanAndVerify" time="236.631" errors="0" timestamp="04 Dec 2018 06:17:41 GMT" skipped="0">
  <testcase classname="org.testscript.CreateLessonPlanAndVerify" name="createLessonAndVerify" time="236.631"/>
</testsuite> <!-- org.testscript.CreateLessonPlanAndVerify -->
