<?xml version="1.0" encoding="UTF-8"?>
<!-- Generated by org.testng.reporters.JUnitReportReporter -->
<testsuite name="org.testscript.CheckForDownloadButtonAvailabilityForUserInProfile" tests="1" time="0.002" ignored="0" failures="0" timestamp="07 Dec 2018 09:32:38 GMT" skipped="1" hostname="QUALITRIX-PC" errors="0">
  <testcase name="checkForDownloadButtonAvailabilityForUserInProfile" time="0.002" classname="org.testscript.CheckForDownloadButtonAvailabilityForUserInProfile">
    <skipped/>
  </testcase> <!-- checkForDownloadButtonAvailabilityForUserInProfile -->
</testsuite> <!-- org.testscript.CheckForDownloadButtonAvailabilityForUserInProfile -->
