<?xml version="1.0" encoding="UTF-8"?>
<!-- Generated by org.testng.reporters.JUnitReportReporter -->
<testsuite ignored="0" hostname="Qualitrix-LinuxPC" failures="0" tests="1" name="org.testscript.regression.SortTheResultInUpForReview" time="0.001" errors="0" timestamp="30 Nov 2018 12:32:49 GMT" skipped="1">
  <testcase classname="org.testscript.regression.SortTheResultInUpForReview" name="workspace_upForReviewSortBy" time="0.001">
    <skipped/>
  </testcase> <!-- workspace_upForReviewSortBy -->
</testsuite> <!-- org.testscript.regression.SortTheResultInUpForReview -->
