<?xml version="1.0" encoding="UTF-8"?>
<!-- Generated by org.testng.reporters.JUnitReportReporter -->
<testsuite ignored="0" hostname="Qualitrix-LinuxPC" failures="0" tests="1" name="org.testscript.CheckSuborgMentorInvitingOrgMember" time="0.002" errors="0" timestamp="03 Dec 2018 07:18:59 GMT" skipped="1">
  <testcase classname="org.testscript.CheckSuborgMentorInvitingOrgMember" name="suborgMentorInvitingOrgMember" time="0.002">
    <skipped/>
  </testcase> <!-- suborgMentorInvitingOrgMember -->
</testsuite> <!-- org.testscript.CheckSuborgMentorInvitingOrgMember -->
