<?xml version="1.0" encoding="UTF-8"?>
<!-- Generated by org.testng.reporters.JUnitReportReporter -->
<<<<<<< HEAD
<testsuite ignored="0" hostname="Qualitrix-LinuxPC" failures="0" tests="1" name="org.testscript.ConsumeCourseByInvitedMember" time="265.921" errors="0" timestamp="10 Dec 2018 03:46:53 GMT" skipped="0">
  <testcase classname="org.testscript.ConsumeCourseByInvitedMember" name="consumeCourseByInvitedMember" time="265.921"/>
=======
<<<<<<< HEAD
<testsuite name="org.testscript.ConsumeCourseByInvitedMember" tests="1" time="0.032" ignored="0" failures="0" timestamp="07 Dec 2018 09:32:40 GMT" skipped="1" hostname="QUALITRIX-PC" errors="0">
  <testcase name="consumeCourseByInvitedMember" time="0.032" classname="org.testscript.ConsumeCourseByInvitedMember">
=======
<testsuite ignored="0" hostname="Qualitrix-LinuxPC" failures="0" tests="1" name="org.testscript.ConsumeCourseByInvitedMember" time="0.000" errors="0" timestamp="07 Dec 2018 12:46:58 GMT" skipped="1">
  <testcase classname="org.testscript.ConsumeCourseByInvitedMember" name="consumeCourseByInvitedMember" time="0.000">
>>>>>>> fd04c9623bd7c1c59433d937381798497fdf2ad8
    <skipped/>
  </testcase> <!-- consumeCourseByInvitedMember -->
>>>>>>> 6565901281ae9a3a962beb76e038941897e5ac3b
</testsuite> <!-- org.testscript.ConsumeCourseByInvitedMember -->
