<?xml version="1.0" encoding="UTF-8"?>
<!-- Generated by org.testng.reporters.JUnitReportReporter -->
<testsuite name="org.testscript.regression.VerifyEditMetadataPageForCollection" tests="1" time="0.007" ignored="0" failures="0" timestamp="07 Dec 2018 09:32:38 GMT" skipped="1" hostname="QUALITRIX-PC" errors="0">
  <testcase name="workspaceCollection_verifyEditDetailsPage" time="0.007" classname="org.testscript.regression.VerifyEditMetadataPageForCollection">
    <skipped/>
  </testcase> <!-- workspaceCollection_verifyEditDetailsPage -->
</testsuite> <!-- org.testscript.regression.VerifyEditMetadataPageForCollection -->
