<?xml version="1.0" encoding="UTF-8"?>
<!-- Generated by org.testng.reporters.JUnitReportReporter -->
<testsuite ignored="0" hostname="Qualitrix-LinuxPC" failures="0" tests="1" name="org.testscript.TC_206" time="0.001" errors="0" timestamp="07 Dec 2018 09:27:46 GMT" skipped="1">
  <testcase classname="org.testscript.TC_206" name="TC_206_upForReview" time="0.001">
    <skipped/>
  </testcase> <!-- TC_206_upForReview -->
</testsuite> <!-- org.testscript.TC_206 -->
