<?xml version="1.0" encoding="UTF-8"?>
<!-- Generated by org.testng.reporters.JUnitReportReporter -->
<testsuite ignored="0" hostname="Qualitrix-LinuxPC" failures="0" tests="1" name="org.testscript.ResourceCreationAndPublish" time="204.578" errors="0" timestamp="03 Dec 2018 09:32:35 GMT" skipped="0">
  <testcase classname="org.testscript.ResourceCreationAndPublish" name="creatorResourceAndVerify" time="204.578"/>
</testsuite> <!-- org.testscript.ResourceCreationAndPublish -->
