<?xml version="1.0" encoding="UTF-8"?>
<!-- Generated by org.testng.reporters.JUnitReportReporter -->
<testsuite ignored="0" hostname="Qualitrix-LinuxPC" failures="0" tests="2" name="org.testscript.regression.CreateResourceByUploadingVideoAndActivityPlugins" time="0.002" errors="0" timestamp="07 Dec 2018 12:46:58 GMT" skipped="2">
  <testcase classname="org.testscript.regression.CreateResourceByUploadingVideoAndActivityPlugins" name="verifyUploadingVideo_AddingActivity" time="0.001">
    <skipped/>
  </testcase> <!-- verifyUploadingVideo_AddingActivity -->
  <testcase classname="org.testscript.regression.CreateResourceByUploadingVideoAndActivityPlugins" name="verifyAddingActivityFunctionality" time="0.001">
    <skipped/>
  </testcase> <!-- verifyAddingActivityFunctionality -->
</testsuite> <!-- org.testscript.regression.CreateResourceByUploadingVideoAndActivityPlugins -->
