<?xml version="1.0" encoding="UTF-8"?>
<!-- Generated by org.testng.reporters.JUnitReportReporter -->
<<<<<<< HEAD
<testsuite name="org.testscript.TC_295" tests="1" time="0.000" ignored="0" failures="0" timestamp="07 Dec 2018 09:32:41 GMT" skipped="1" hostname="QUALITRIX-PC" errors="0">
  <testcase name="TC_295_rootOrg" time="0.000" classname="org.testscript.TC_295">
=======
<testsuite ignored="0" hostname="Qualitrix-LinuxPC" failures="0" tests="1" name="org.testscript.TC_295" time="0.000" errors="0" timestamp="07 Dec 2018 12:46:58 GMT" skipped="1">
  <testcase classname="org.testscript.TC_295" name="TC_295_rootOrg" time="0.000">
>>>>>>> fd04c9623bd7c1c59433d937381798497fdf2ad8
    <skipped/>
  </testcase> <!-- TC_295_rootOrg -->
</testsuite> <!-- org.testscript.TC_295 -->
