<?xml version="1.0" encoding="UTF-8"?>
<!-- Generated by org.testng.reporters.JUnitReportReporter -->
<testsuite ignored="0" hostname="Qualitrix-LinuxPC" failures="0" tests="1" name="org.testscripts.ResendAnnouncement" time="51.103" errors="0" timestamp="23 Nov 2018 10:11:46 GMT" skipped="0">
  <testcase classname="org.testscripts.ResendAnnouncement" name="resendAnnouncement" time="51.103"/>
</testsuite> <!-- org.testscripts.ResendAnnouncement -->
