<?xml version="1.0" encoding="UTF-8"?>
<!-- Generated by org.testng.reporters.JUnitReportReporter -->
<testsuite ignored="0" hostname="Qualitrix-LinuxPC" failures="0" tests="1" name="org.testscript.regression.CreateResourceWithContentsPluginsAndVerifyContentEditor" time="0.002" errors="0" timestamp="07 Dec 2018 09:27:46 GMT" skipped="1">
  <testcase classname="org.testscript.regression.CreateResourceWithContentsPluginsAndVerifyContentEditor" name="createResourceWithContentsPlugins_VerifyContentEditor" time="0.002">
    <skipped/>
  </testcase> <!-- createResourceWithContentsPlugins_VerifyContentEditor -->
</testsuite> <!-- org.testscript.regression.CreateResourceWithContentsPluginsAndVerifyContentEditor -->
