<?xml version="1.0" encoding="UTF-8"?>
<!-- Generated by org.testng.reporters.JUnitReportReporter -->
<testsuite ignored="0" hostname="Qualitrix-LinuxPC" failures="0" tests="1" name="org.testscript.regression.LimitedSharedContentInLimitedSharingSection" time="0.000" errors="0" timestamp="30 Nov 2018 07:18:41 GMT" skipped="1">
  <testcase classname="org.testscript.regression.LimitedSharedContentInLimitedSharingSection" name="workspace_LimitedPublishing" time="0.000">
    <skipped/>
  </testcase> <!-- workspace_LimitedPublishing -->
</testsuite> <!-- org.testscript.regression.LimitedSharedContentInLimitedSharingSection -->
