<?xml version="1.0" encoding="UTF-8"?>
<!-- Generated by org.testng.reporters.JUnitReportReporter -->
<testsuite ignored="0" hostname="Qualitrix-LinuxPC" failures="0" tests="1" name="org.testscripts.TopicTree_TC_214_TC_215_TC_216_TC_217_TC_218" time="0.001" errors="0" timestamp="29 Nov 2018 13:36:59 GMT" skipped="1">
  <testcase classname="org.testscripts.TopicTree_TC_214_TC_215_TC_216_TC_217_TC_218" name="verify_That_Topics_Are_Selected_On_MetaData_Page" time="0.001">
    <skipped/>
  </testcase> <!-- verify_That_Topics_Are_Selected_On_MetaData_Page -->
</testsuite> <!-- org.testscripts.TopicTree_TC_214_TC_215_TC_216_TC_217_TC_218 -->
