<?xml version="1.0" encoding="UTF-8"?>
<!-- Generated by org.testng.reporters.JUnitReportReporter -->
<testsuite ignored="0" hostname="Qualitrix-LinuxPC" failures="0" tests="1" name="org.testscript.regression.QuestionTemplateFillInTheBlankCustom" time="0.002" errors="0" timestamp="04 Dec 2018 16:12:31 GMT" skipped="1">
  <testcase classname="org.testscript.regression.QuestionTemplateFillInTheBlankCustom" name="QuestionTemplateFibCustomKeyboard" time="0.002">
    <skipped/>
  </testcase> <!-- QuestionTemplateFibCustomKeyboard -->
</testsuite> <!-- org.testscript.regression.QuestionTemplateFillInTheBlankCustom -->
