<?xml version="1.0" encoding="UTF-8"?>
<!-- Generated by org.testng.reporters.JUnitReportReporter -->
<testsuite ignored="0" hostname="Qualitrix-LinuxPC" failures="0" tests="1" name="org.testscript.CreateAnnouncementWithAttachment" time="87.579" errors="0" timestamp="10 Dec 2018 03:46:53 GMT" skipped="0">
  <testcase classname="org.testscript.CreateAnnouncementWithAttachment" name="createAnnouncementWithAttachment" time="87.579"/>
</testsuite> <!-- org.testscript.CreateAnnouncementWithAttachment -->
