<?xml version="1.0" encoding="UTF-8"?>
<!-- Generated by org.testng.reporters.JUnitReportReporter -->
<testsuite ignored="0" hostname="Qualitrix-LinuxPC" failures="0" tests="1" name="org.testscripts.CheckForDownloadButtonAvailabilityForUserInProfile" time="69.039" errors="0" timestamp="23 Nov 2018 11:06:23 GMT" skipped="0">
  <testcase classname="org.testscripts.CheckForDownloadButtonAvailabilityForUserInProfile" name="checkForDownloadButtonAvailabilityForUserInProfile" time="69.039"/>
</testsuite> <!-- org.testscripts.CheckForDownloadButtonAvailabilityForUserInProfile -->
