<?xml version="1.0" encoding="UTF-8"?>
<!-- Generated by org.testng.reporters.JUnitReportReporter -->
<testsuite ignored="0" hostname="Qualitrix-LinuxPC" failures="0" tests="1" name="org.testscripts.CheckCourseStatAsMentor" time="0.002" errors="0" timestamp="29 Nov 2018 13:36:58 GMT" skipped="1">
  <testcase classname="org.testscripts.CheckCourseStatAsMentor" name="checkCourseStatAsMentor" time="0.002">
    <skipped/>
  </testcase> <!-- checkCourseStatAsMentor -->
</testsuite> <!-- org.testscripts.CheckCourseStatAsMentor -->
