<?xml version="1.0" encoding="UTF-8"?>
<!-- Generated by org.testng.reporters.JUnitReportReporter -->
<<<<<<< HEAD
<testsuite name="org.testscript.regression.CreateResourcePublishAndDeleteFromLimitedPublising" tests="1" time="0.075" ignored="0" failures="0" timestamp="07 Dec 2018 09:32:38 GMT" skipped="1" hostname="QUALITRIX-PC" errors="0">
  <testcase name="characterVerificationInPreviewKeyboard" time="0.075" classname="org.testscript.regression.CreateResourcePublishAndDeleteFromLimitedPublising">
=======
<testsuite ignored="0" hostname="Qualitrix-LinuxPC" failures="0" tests="1" name="org.testscript.regression.CreateResourcePublishAndDeleteFromLimitedPublising" time="0.000" errors="0" timestamp="07 Dec 2018 12:46:58 GMT" skipped="1">
  <testcase classname="org.testscript.regression.CreateResourcePublishAndDeleteFromLimitedPublising" name="characterVerificationInPreviewKeyboard" time="0.000">
>>>>>>> fd04c9623bd7c1c59433d937381798497fdf2ad8
    <skipped/>
  </testcase> <!-- characterVerificationInPreviewKeyboard -->
</testsuite> <!-- org.testscript.regression.CreateResourcePublishAndDeleteFromLimitedPublising -->
