<?xml version="1.0" encoding="UTF-8"?>
<!-- Generated by org.testng.reporters.JUnitReportReporter -->
<testsuite ignored="0" hostname="Qualitrix-LinuxPC" failures="0" tests="1" name="org.testscript.ProfileInfoUpdate" time="0.003" errors="0" timestamp="30 Nov 2018 12:32:49 GMT" skipped="1">
  <testcase classname="org.testscript.ProfileInfoUpdate" name="profileInfoUpdate" time="0.003">
    <skipped/>
  </testcase> <!-- profileInfoUpdate -->
</testsuite> <!-- org.testscript.ProfileInfoUpdate -->
