<?xml version="1.0" encoding="UTF-8"?>
<!-- Generated by org.testng.reporters.JUnitReportReporter -->
<testsuite name="org.testscript.regression.CreateResourcePublishAndDeleteFromLimitedPublising" tests="1" time="0.075" ignored="0" failures="0" timestamp="07 Dec 2018 09:32:38 GMT" skipped="1" hostname="QUALITRIX-PC" errors="0">
  <testcase name="characterVerificationInPreviewKeyboard" time="0.075" classname="org.testscript.regression.CreateResourcePublishAndDeleteFromLimitedPublising">
    <skipped/>
  </testcase> <!-- characterVerificationInPreviewKeyboard -->
</testsuite> <!-- org.testscript.regression.CreateResourcePublishAndDeleteFromLimitedPublising -->
