<?xml version="1.0" encoding="UTF-8"?>
<!-- Generated by org.testng.reporters.JUnitReportReporter -->
<testsuite ignored="0" hostname="Qualitrix-LinuxPC" failures="0" tests="1" name="org.testscripts2.Regression_TC06" time="0.000" errors="0" timestamp="26 Nov 2018 05:08:04 GMT" skipped="1">
  <testcase classname="org.testscripts2.Regression_TC06" name="uploadContentMP4TestCase_06" time="0.000">
    <skipped/>
  </testcase> <!-- uploadContentMP4TestCase_06 -->
</testsuite> <!-- org.testscripts2.Regression_TC06 -->
