<?xml version="1.0" encoding="UTF-8"?>
<!-- Generated by org.testng.reporters.JUnitReportReporter -->
<testsuite ignored="0" hostname="Qualitrix-LinuxPC" failures="0" tests="1" name="org.testscript.CheckForDownloadButtonAvailabilityForUserInProfile" time="64.636" errors="0" timestamp="04 Dec 2018 08:18:22 GMT" skipped="0">
  <testcase classname="org.testscript.CheckForDownloadButtonAvailabilityForUserInProfile" name="checkForDownloadButtonAvailabilityForUserInProfile" time="64.636"/>
</testsuite> <!-- org.testscript.CheckForDownloadButtonAvailabilityForUserInProfile -->
