<?xml version="1.0" encoding="UTF-8"?>
<!-- Generated by org.testng.reporters.JUnitReportReporter -->
<testsuite name="org.testscript.EnrollToCourseInOpenBatch" tests="1" time="0.003" ignored="0" failures="0" timestamp="07 Dec 2018 09:32:39 GMT" skipped="1" hostname="QUALITRIX-PC" errors="0">
  <testcase name="enrollToCourseInOpenBatch" time="0.003" classname="org.testscript.EnrollToCourseInOpenBatch">
    <skipped/>
  </testcase> <!-- enrollToCourseInOpenBatch -->
</testsuite> <!-- org.testscript.EnrollToCourseInOpenBatch -->
