<?xml version="1.0" encoding="UTF-8"?>
<!-- Generated by org.testng.reporters.JUnitReportReporter -->
<testsuite ignored="0" hostname="Qualitrix-LinuxPC" failures="0" tests="1" name="org.testscript.UploadContentTypePdfAndVerify" time="304.435" errors="0" timestamp="04 Dec 2018 08:54:12 GMT" skipped="0">
  <testcase classname="org.testscript.UploadContentTypePdfAndVerify" name="uploadContentTypePdfAndVerify" time="304.435"/>
</testsuite> <!-- org.testscript.UploadContentTypePdfAndVerify -->
