<?xml version="1.0" encoding="UTF-8"?>
<!-- Generated by org.testng.reporters.JUnitReportReporter -->
<testsuite ignored="0" hostname="Qualitrix-LinuxPC" failures="0" tests="1" name="org.testscripts.SearchOrgsAsAdmin" time="75.352" errors="0" timestamp="28 Nov 2018 10:11:00 GMT" skipped="0">
  <testcase classname="org.testscripts.SearchOrgsAsAdmin" name="searchOrgsAsAdmin" time="75.352"/>
</testsuite> <!-- org.testscripts.SearchOrgsAsAdmin -->
