<?xml version="1.0" encoding="UTF-8"?>
<!-- Generated by org.testng.reporters.JUnitReportReporter -->
<<<<<<< HEAD
<testsuite name="org.testscript.regression.CreateResourceByUploadingVideoAndActivityPlugins" tests="2" time="0.029" ignored="0" failures="0" timestamp="07 Dec 2018 09:32:40 GMT" skipped="2" hostname="QUALITRIX-PC" errors="0">
  <testcase name="verifyAddingActivityFunctionality" time="0.027" classname="org.testscript.regression.CreateResourceByUploadingVideoAndActivityPlugins">
    <skipped/>
  </testcase> <!-- verifyAddingActivityFunctionality -->
  <testcase name="verifyUploadingVideo_AddingActivity" time="0.002" classname="org.testscript.regression.CreateResourceByUploadingVideoAndActivityPlugins">
=======
<testsuite ignored="0" hostname="Qualitrix-LinuxPC" failures="0" tests="2" name="org.testscript.regression.CreateResourceByUploadingVideoAndActivityPlugins" time="0.002" errors="0" timestamp="07 Dec 2018 12:46:58 GMT" skipped="2">
  <testcase classname="org.testscript.regression.CreateResourceByUploadingVideoAndActivityPlugins" name="verifyUploadingVideo_AddingActivity" time="0.001">
>>>>>>> fd04c9623bd7c1c59433d937381798497fdf2ad8
    <skipped/>
  </testcase> <!-- verifyUploadingVideo_AddingActivity -->
  <testcase classname="org.testscript.regression.CreateResourceByUploadingVideoAndActivityPlugins" name="verifyAddingActivityFunctionality" time="0.001">
    <skipped/>
  </testcase> <!-- verifyAddingActivityFunctionality -->
</testsuite> <!-- org.testscript.regression.CreateResourceByUploadingVideoAndActivityPlugins -->
