<?xml version="1.0" encoding="UTF-8"?>
<!-- Generated by org.testng.reporters.JUnitReportReporter -->
<testsuite ignored="0" hostname="Qualitrix-LinuxPC" failures="0" tests="1" name="org.testscripts.UploadContentTypeEpubAndVerify" time="441.000" errors="0" timestamp="28 Nov 2018 13:23:13 GMT" skipped="0">
  <testcase classname="org.testscripts.UploadContentTypeEpubAndVerify" name="uploadContentTypeEpubAndVerify" time="441.000"/>
</testsuite> <!-- org.testscripts.UploadContentTypeEpubAndVerify -->
