<?xml version="1.0" encoding="UTF-8"?>
<!-- Generated by org.testng.reporters.JUnitReportReporter -->
<testsuite name="org.testscript.regression.CreateResourceWithContentsPluginsAndVerifyContentEditor" tests="1" time="0.035" ignored="0" failures="0" timestamp="07 Dec 2018 09:32:40 GMT" skipped="1" hostname="QUALITRIX-PC" errors="0">
  <testcase name="createResourceWithContentsPlugins_VerifyContentEditor" time="0.035" classname="org.testscript.regression.CreateResourceWithContentsPluginsAndVerifyContentEditor">
    <skipped/>
  </testcase> <!-- createResourceWithContentsPlugins_VerifyContentEditor -->
</testsuite> <!-- org.testscript.regression.CreateResourceWithContentsPluginsAndVerifyContentEditor -->
