<?xml version="1.0" encoding="UTF-8"?>
<!-- Generated by org.testng.reporters.JUnitReportReporter -->
<testsuite ignored="0" hostname="Qualitrix-LinuxPC" failures="0" tests="1" name="org.testscript.regression.VerifyFeaturesOfProfileIconAndWorkspace" time="0.003" errors="0" timestamp="30 Nov 2018 12:32:49 GMT" skipped="1">
  <testcase classname="org.testscript.regression.VerifyFeaturesOfProfileIconAndWorkspace" name="verifyProfileIcon4Features_workspaceFeatures" time="0.003">
    <skipped/>
  </testcase> <!-- verifyProfileIcon4Features_workspaceFeatures -->
</testsuite> <!-- org.testscript.regression.VerifyFeaturesOfProfileIconAndWorkspace -->
