<?xml version="1.0" encoding="UTF-8"?>
<!-- Generated by org.testng.reporters.JUnitReportReporter -->
<testsuite name="org.testscript.AdminCreationAndDownloadCsv" tests="2" time="0.005" ignored="0" failures="0" timestamp="07 Dec 2018 09:32:38 GMT" skipped="2" hostname="QUALITRIX-PC" errors="0">
  <testcase name="adminCreationAndDownloadCsv" time="0.003" classname="org.testscript.AdminCreationAndDownloadCsv">
    <skipped/>
  </testcase> <!-- adminCreationAndDownloadCsv -->
  <testcase name="adminCreationAndDownloadCsv" time="0.002" classname="org.testscript.AdminCreationAndDownloadCsv">
    <skipped/>
  </testcase> <!-- adminCreationAndDownloadCsv -->
</testsuite> <!-- org.testscript.AdminCreationAndDownloadCsv -->
