<?xml version="1.0" encoding="UTF-8"?>
<!-- Generated by org.testng.reporters.JUnitReportReporter -->
<testsuite ignored="0" hostname="Qualitrix-LinuxPC" failures="0" tests="1" name="org.testscript.CreateCourseAndVerify" time="205.182" errors="0" timestamp="04 Dec 2018 06:17:41 GMT" skipped="0">
  <testcase classname="org.testscript.CreateCourseAndVerify" name="courseCreation" time="205.182"/>
</testsuite> <!-- org.testscript.CreateCourseAndVerify -->
