<?xml version="1.0" encoding="UTF-8"?>
<!-- Generated by org.testng.reporters.JUnitReportReporter -->
<testsuite ignored="0" hostname="Qualitrix-LinuxPC" failures="0" tests="1" name="org.testscript.CheckForAuthenticUserInMentor" time="0.002" errors="0" timestamp="04 Dec 2018 10:42:18 GMT" skipped="1">
  <testcase classname="org.testscript.CheckForAuthenticUserInMentor" name="checkForAuthenticUserInMentor" time="0.002">
    <skipped/>
  </testcase> <!-- checkForAuthenticUserInMentor -->
</testsuite> <!-- org.testscript.CheckForAuthenticUserInMentor -->
