<?xml version="1.0" encoding="UTF-8"?>
<!-- Generated by org.testng.reporters.JUnitReportReporter -->
<<<<<<< HEAD
<testsuite name="org.testscript.EnrollToCourseInOpenBatch" tests="1" time="0.003" ignored="0" failures="0" timestamp="07 Dec 2018 09:32:39 GMT" skipped="1" hostname="QUALITRIX-PC" errors="0">
  <testcase name="enrollToCourseInOpenBatch" time="0.003" classname="org.testscript.EnrollToCourseInOpenBatch">
=======
<testsuite ignored="0" hostname="Qualitrix-LinuxPC" failures="0" tests="1" name="org.testscript.EnrollToCourseInOpenBatch" time="0.001" errors="0" timestamp="07 Dec 2018 12:46:58 GMT" skipped="1">
  <testcase classname="org.testscript.EnrollToCourseInOpenBatch" name="enrollToCourseInOpenBatch" time="0.001">
>>>>>>> fd04c9623bd7c1c59433d937381798497fdf2ad8
    <skipped/>
  </testcase> <!-- enrollToCourseInOpenBatch -->
</testsuite> <!-- org.testscript.EnrollToCourseInOpenBatch -->
