<?xml version="1.0" encoding="UTF-8"?>
<!-- Generated by org.testng.reporters.JUnitReportReporter -->
<testsuite ignored="0" hostname="Qualitrix-LinuxPC" failures="0" tests="1" name="org.testscripts.OpenAnnouncement" time="75.129" errors="0" timestamp="28 Nov 2018 08:58:25 GMT" skipped="0">
  <testcase classname="org.testscripts.OpenAnnouncement" name="openAnnouncement" time="75.129"/>
</testsuite> <!-- org.testscripts.OpenAnnouncement -->
