<?xml version="1.0" encoding="UTF-8"?>
<!-- Generated by org.testng.reporters.JUnitReportReporter -->
<testsuite ignored="0" hostname="Qualitrix-LinuxPC" failures="0" tests="1" name="org.testscript.VerifyTheBookAvailableForReview" time="149.901" errors="0" timestamp="05 Dec 2018 08:20:34 GMT" skipped="0">
  <testcase classname="org.testscript.VerifyTheBookAvailableForReview" name="verifyTheBookAvailableForReview" time="149.901"/>
</testsuite> <!-- org.testscript.VerifyTheBookAvailableForReview -->
