<?xml version="1.0" encoding="UTF-8"?>
<!-- Generated by org.testng.reporters.JUnitReportReporter -->
<testsuite ignored="0" hostname="Qualitrix-LinuxPC" failures="0" tests="1" name="org.testscript.UploadWebmContent" time="0.000" errors="0" timestamp="30 Nov 2018 07:18:42 GMT" skipped="1">
  <testcase classname="org.testscript.UploadWebmContent" name="uploadWebmContent" time="0.000">
    <skipped/>
  </testcase> <!-- uploadWebmContent -->
</testsuite> <!-- org.testscript.UploadWebmContent -->
