<?xml version="1.0" encoding="UTF-8"?>
<!-- Generated by org.testng.reporters.JUnitReportReporter -->
<testsuite ignored="0" hostname="Qualitrix-LinuxPC" failures="0" tests="1" name="org.testscript.VerifyHomePage" time="26.173" errors="0" timestamp="05 Dec 2018 08:59:33 GMT" skipped="0">
  <testcase classname="org.testscript.VerifyHomePage" name="verifyHomePage" time="26.173"/>
</testsuite> <!-- org.testscript.VerifyHomePage -->
