<?xml version="1.0" encoding="UTF-8"?>
<!-- Generated by org.testng.reporters.JUnitReportReporter -->
<testsuite ignored="0" hostname="Qualitrix-LinuxPC" failures="0" tests="1" name="org.testscripts.ConsumeOpenCourseByPublicUser" time="38.564" errors="0" timestamp="28 Nov 2018 10:38:35 GMT" skipped="0">
  <testcase classname="org.testscripts.ConsumeOpenCourseByPublicUser" name="consumeOpenCourseByPublicUser" time="38.564"/>
</testsuite> <!-- org.testscripts.ConsumeOpenCourseByPublicUser -->
