<?xml version="1.0" encoding="UTF-8"?>
<!-- Generated by org.testng.reporters.JUnitReportReporter -->
<testsuite ignored="0" hostname="Qualitrix-LinuxPC" failures="0" tests="3" name="org.testscript.regression.VerifyAnnouncementPageContent" time="0.003" errors="0" timestamp="30 Nov 2018 07:18:42 GMT" skipped="3">
  <testcase classname="org.testscript.regression.VerifyAnnouncementPageContent" name="verifyAnnouncementMessage" time="0.001">
    <skipped/>
  </testcase> <!-- verifyAnnouncementMessage -->
  <testcase classname="org.testscript.regression.VerifyAnnouncementPageContent" name="VerifyAnnouncementDetails" time="0.001">
    <skipped/>
  </testcase> <!-- VerifyAnnouncementDetails -->
  <testcase classname="org.testscript.regression.VerifyAnnouncementPageContent" name="VerifyAnnouncementCreationFields" time="0.001">
    <skipped/>
  </testcase> <!-- VerifyAnnouncementCreationFields -->
</testsuite> <!-- org.testscript.regression.VerifyAnnouncementPageContent -->
