<?xml version="1.0" encoding="UTF-8"?>
<!-- Generated by org.testng.reporters.JUnitReportReporter -->
<testsuite ignored="0" hostname="Qualitrix-LinuxPC" failures="0" tests="1" name="org.testscript.NavigateToAnnouncementDashboard" time="28.924" errors="0" timestamp="04 Dec 2018 09:57:30 GMT" skipped="0">
  <testcase classname="org.testscript.NavigateToAnnouncementDashboard" name="navigateToAnnouncementDashboard" time="28.924"/>
</testsuite> <!-- org.testscript.NavigateToAnnouncementDashboard -->
