<?xml version="1.0" encoding="UTF-8"?>
<!-- Generated by org.testng.reporters.JUnitReportReporter -->
<testsuite ignored="0" hostname="Qualitrix-LinuxPC" failures="0" tests="1" name="org.testscript.CourseCreation" time="214.716" errors="0" timestamp="03 Dec 2018 07:30:58 GMT" skipped="0">
  <testcase classname="org.testscript.CourseCreation" name="courseCreation" time="214.716"/>
</testsuite> <!-- org.testscript.CourseCreation -->
