<?xml version="1.0" encoding="UTF-8"?>
<!-- Generated by org.testng.reporters.JUnitReportReporter -->
<testsuite ignored="0" hostname="Qualitrix-LinuxPC" failures="0" tests="1" name="org.testscript.ConsumeCourseByInvitedMember" time="249.977" errors="0" timestamp="03 Dec 2018 12:02:57 GMT" skipped="0">
  <testcase classname="org.testscript.ConsumeCourseByInvitedMember" name="consumeCourseByInvitedMember" time="249.977"/>
</testsuite> <!-- org.testscript.ConsumeCourseByInvitedMember -->
