<?xml version="1.0" encoding="UTF-8"?>
<!-- Generated by org.testng.reporters.JUnitReportReporter -->
<testsuite ignored="0" hostname="Qualitrix-LinuxPC" failures="0" tests="1" name="org.testscript.CreateAnnouncementWithAttachment" time="86.316" errors="0" timestamp="04 Dec 2018 09:57:30 GMT" skipped="0">
  <testcase classname="org.testscript.CreateAnnouncementWithAttachment" name="createAnnouncementWithAttachment" time="86.316"/>
</testsuite> <!-- org.testscript.CreateAnnouncementWithAttachment -->
