<?xml version="1.0" encoding="UTF-8"?>
<!-- Generated by org.testng.reporters.JUnitReportReporter -->
<testsuite ignored="0" hostname="Qualitrix-LinuxPC" failures="0" tests="1" name="org.testscript.ResendAnnouncementAndVerifyAsReciever" time="0.000" errors="0" timestamp="30 Nov 2018 12:32:49 GMT" skipped="1">
  <testcase classname="org.testscript.ResendAnnouncementAndVerifyAsReciever" name="resendAnnouncementAndVerifyAsReciever" time="0.000">
    <skipped/>
  </testcase> <!-- resendAnnouncementAndVerifyAsReciever -->
</testsuite> <!-- org.testscript.ResendAnnouncementAndVerifyAsReciever -->
