<?xml version="1.0" encoding="UTF-8"?>
<!-- Generated by org.testng.reporters.JUnitReportReporter -->
<testsuite ignored="0" hostname="Qualitrix-LinuxPC" failures="0" tests="1" name="org.testscript.NavigateToMyActivityInDropdown" time="0.001" errors="0" timestamp="03 Dec 2018 07:18:59 GMT" skipped="1">
  <testcase classname="org.testscript.NavigateToMyActivityInDropdown" name="navigateToMyActivityInDropdown" time="0.001">
    <skipped/>
  </testcase> <!-- navigateToMyActivityInDropdown -->
</testsuite> <!-- org.testscript.NavigateToMyActivityInDropdown -->
