<?xml version="1.0" encoding="UTF-8"?>
<!-- Generated by org.testng.reporters.JUnitReportReporter -->
<testsuite ignored="0" hostname="Qualitrix-LinuxPC" failures="0" tests="1" name="org.testscripts.CheckForAuthenticUserInMentor" time="84.071" errors="0" timestamp="28 Nov 2018 11:09:12 GMT" skipped="0">
  <testcase classname="org.testscripts.CheckForAuthenticUserInMentor" name="checkForAuthenticUserInMentor" time="84.071"/>
</testsuite> <!-- org.testscripts.CheckForAuthenticUserInMentor -->
