<?xml version="1.0" encoding="UTF-8"?>
<!-- Generated by org.testng.reporters.JUnitReportReporter -->
<testsuite ignored="0" hostname="Qualitrix-LinuxPC" failures="0" tests="1" name="org.testscripts.AdminConsumptionAndDownloadCsv" time="0.000" errors="0" timestamp="29 Nov 2018 13:24:28 GMT" skipped="1">
  <testcase classname="org.testscripts.AdminConsumptionAndDownloadCsv" name="adminConsumptionAndDownloadCsv" time="0.000">
    <skipped/>
  </testcase> <!-- adminConsumptionAndDownloadCsv -->
</testsuite> <!-- org.testscripts.AdminConsumptionAndDownloadCsv -->
