<?xml version="1.0" encoding="UTF-8"?>
<!-- Generated by org.testng.reporters.JUnitReportReporter -->
<testsuite ignored="0" hostname="Qualitrix-LinuxPC" failures="0" tests="1" name="org.testscript.regression.VerifyNavigateToGetPage" time="0.002" errors="0" timestamp="30 Nov 2018 09:43:43 GMT" skipped="1">
  <testcase classname="org.testscript.regression.VerifyNavigateToGetPage" name="verify_NavigateToGetPage" time="0.002">
    <skipped/>
  </testcase> <!-- verify_NavigateToGetPage -->
</testsuite> <!-- org.testscript.regression.VerifyNavigateToGetPage -->
