<?xml version="1.0" encoding="UTF-8"?>
<!-- Generated by org.testng.reporters.JUnitReportReporter -->
<testsuite name="org.testscript.regression.CreateResourceByAddingAudio" tests="1" time="0.007" ignored="0" failures="0" timestamp="07 Dec 2018 09:32:40 GMT" skipped="1" hostname="QUALITRIX-PC" errors="0">
  <testcase name="resource_VerifyAudioUpload" time="0.007" classname="org.testscript.regression.CreateResourceByAddingAudio">
    <skipped/>
  </testcase> <!-- resource_VerifyAudioUpload -->
</testsuite> <!-- org.testscript.regression.CreateResourceByAddingAudio -->
