<?xml version="1.0" encoding="UTF-8"?>
<!-- Generated by org.testng.reporters.JUnitReportReporter -->
<testsuite name="org.testscript.CreateBookAndVerifyOnlyBooksPresent" tests="1" time="0.011" ignored="0" failures="0" timestamp="07 Dec 2018 09:32:38 GMT" skipped="1" hostname="QUALITRIX-PC" errors="0">
  <testcase name="createBookAndVerifyOnlyBooksPresent" time="0.011" classname="org.testscript.CreateBookAndVerifyOnlyBooksPresent">
    <skipped/>
  </testcase> <!-- createBookAndVerifyOnlyBooksPresent -->
</testsuite> <!-- org.testscript.CreateBookAndVerifyOnlyBooksPresent -->
