<?xml version="1.0" encoding="UTF-8"?>
<!-- Generated by org.testng.reporters.JUnitReportReporter -->
<testsuite name="org.testscript.CheckAvailabilityOfCourseForInvitedMember" tests="1" time="0.004" ignored="0" failures="0" timestamp="07 Dec 2018 09:32:40 GMT" skipped="1" hostname="QUALITRIX-PC" errors="0">
  <testcase name="checkAvailabilityOfCourseForInvitedMember" time="0.004" classname="org.testscript.CheckAvailabilityOfCourseForInvitedMember">
    <skipped/>
  </testcase> <!-- checkAvailabilityOfCourseForInvitedMember -->
</testsuite> <!-- org.testscript.CheckAvailabilityOfCourseForInvitedMember -->
