<?xml version="1.0" encoding="UTF-8"?>
<!-- Generated by org.testng.reporters.JUnitReportReporter -->
<testsuite name="org.testscript.TC_186" tests="1" time="0.103" ignored="0" failures="0" timestamp="07 Dec 2018 09:32:40 GMT" skipped="1" hostname="QUALITRIX-PC" errors="0">
  <testcase name="questionSetPlugin" time="0.103" classname="org.testscript.TC_186">
    <skipped/>
  </testcase> <!-- questionSetPlugin -->
</testsuite> <!-- org.testscript.TC_186 -->
