<?xml version="1.0" encoding="UTF-8"?>
<!-- Generated by org.testng.reporters.JUnitReportReporter -->
<testsuite ignored="0" hostname="Qualitrix-LinuxPC" failures="0" tests="1" name="org.testscript.ConsumeOpenCourseByPublicUser" time="0.001" errors="0" timestamp="04 Dec 2018 10:42:18 GMT" skipped="1">
  <testcase classname="org.testscript.ConsumeOpenCourseByPublicUser" name="consumeOpenCourseByPublicUser" time="0.001">
    <skipped/>
  </testcase> <!-- consumeOpenCourseByPublicUser -->
</testsuite> <!-- org.testscript.ConsumeOpenCourseByPublicUser -->
