<?xml version="1.0" encoding="UTF-8"?>
<!-- Generated by org.testng.reporters.JUnitReportReporter -->
<testsuite ignored="0" hostname="Qualitrix-LinuxPC" failures="0" tests="2" name="org.testscript.AdminCreationAndDownloadCsv" time="0.001" errors="0" timestamp="07 Dec 2018 09:27:46 GMT" skipped="2">
  <testcase classname="org.testscript.AdminCreationAndDownloadCsv" name="adminCreationAndDownloadCsv" time="0.000">
    <skipped/>
  </testcase> <!-- adminCreationAndDownloadCsv -->
  <testcase classname="org.testscript.AdminCreationAndDownloadCsv" name="adminCreationAndDownloadCsv" time="0.001">
    <skipped/>
  </testcase> <!-- adminCreationAndDownloadCsv -->
</testsuite> <!-- org.testscript.AdminCreationAndDownloadCsv -->
