<?xml version="1.0" encoding="UTF-8"?>
<!-- Generated by org.testng.reporters.JUnitReportReporter -->
<testsuite ignored="0" hostname="Qualitrix-LinuxPC" failures="0" tests="1" name="org.sunbird.testscripts.CreateAnnouncementWithAttachment" time="0.003" errors="0" timestamp="18 Oct 2018 08:02:06 GMT" skipped="1">
  <testcase classname="org.sunbird.testscripts.CreateAnnouncementWithAttachment" name="createAnnouncementWithAttachment" time="0.003">
    <skipped/>
  </testcase> <!-- createAnnouncementWithAttachment -->
</testsuite> <!-- org.sunbird.testscripts.CreateAnnouncementWithAttachment -->
