<?xml version="1.0" encoding="UTF-8"?>
<!-- Generated by org.testng.reporters.JUnitReportReporter -->
<testsuite name="org.testscript.regression.VerifyAnnouncementPageContent" tests="3" time="0.004" ignored="0" failures="0" timestamp="07 Dec 2018 09:32:40 GMT" skipped="3" hostname="QUALITRIX-PC" errors="0">
  <testcase name="verifyAnnouncementMessage" time="0.003" classname="org.testscript.regression.VerifyAnnouncementPageContent">
    <skipped/>
  </testcase> <!-- verifyAnnouncementMessage -->
  <testcase name="VerifyAnnouncementDetails" time="0.000" classname="org.testscript.regression.VerifyAnnouncementPageContent">
    <skipped/>
  </testcase> <!-- VerifyAnnouncementDetails -->
  <testcase name="VerifyAnnouncementCreationFields" time="0.001" classname="org.testscript.regression.VerifyAnnouncementPageContent">
    <skipped/>
  </testcase> <!-- VerifyAnnouncementCreationFields -->
</testsuite> <!-- org.testscript.regression.VerifyAnnouncementPageContent -->
