<?xml version="1.0" encoding="UTF-8"?>
<!-- Generated by org.testng.reporters.JUnitReportReporter -->
<testsuite ignored="0" hostname="Qualitrix-LinuxPC" failures="0" tests="1" name="org.testscript.UploadYoutubeContent" time="287.017" errors="0" timestamp="03 Dec 2018 10:21:44 GMT" skipped="0">
  <testcase classname="org.testscript.UploadYoutubeContent" name="uploadYoutubeContent" time="287.017"/>
</testsuite> <!-- org.testscript.UploadYoutubeContent -->
