<?xml version="1.0" encoding="UTF-8"?>
<!-- Generated by org.testng.reporters.JUnitReportReporter -->
<testsuite ignored="0" hostname="Qualitrix-LinuxPC" failures="0" tests="1" name="org.testscript.BookCreateOptionValidation" time="41.893" errors="0" timestamp="04 Dec 2018 09:24:51 GMT" skipped="0">
  <testcase classname="org.testscript.BookCreateOptionValidation" name="bookCreateOptionValidation" time="41.893"/>
</testsuite> <!-- org.testscript.BookCreateOptionValidation -->
