<?xml version="1.0" encoding="UTF-8"?>
<!-- Generated by org.testng.reporters.JUnitReportReporter -->
<testsuite ignored="0" hostname="Qualitrix-LinuxPC" failures="0" tests="1" name="org.testscript.regression.SameUserNameIsNotAllowedWhileSignup" time="0.000" errors="0" timestamp="30 Nov 2018 07:18:41 GMT" skipped="1">
  <testcase classname="org.testscript.regression.SameUserNameIsNotAllowedWhileSignup" name="verify_SignUpFailure" time="0.000">
    <skipped/>
  </testcase> <!-- verify_SignUpFailure -->
</testsuite> <!-- org.testscript.regression.SameUserNameIsNotAllowedWhileSignup -->
