<?xml version="1.0" encoding="UTF-8"?>
<!-- Generated by org.testng.reporters.JUnitReportReporter -->
<testsuite name="org.testscript.TC_200" tests="1" time="0.046" ignored="0" failures="0" timestamp="07 Dec 2018 09:32:41 GMT" skipped="1" hostname="QUALITRIX-PC" errors="0">
  <testcase name="TC_200_memberSearchInBatch" time="0.046" classname="org.testscript.TC_200">
    <skipped/>
  </testcase> <!-- TC_200_memberSearchInBatch -->
</testsuite> <!-- org.testscript.TC_200 -->
