<?xml version="1.0" encoding="UTF-8"?>
<!-- Generated by org.testng.reporters.JUnitReportReporter -->
<testsuite ignored="0" hostname="Qualitrix-LinuxPC" failures="0" tests="1" name="org.testscripts.NavigateToMyActivityInDropdown" time="38.827" errors="0" timestamp="23 Nov 2018 11:00:18 GMT" skipped="0">
  <testcase classname="org.testscripts.NavigateToMyActivityInDropdown" name="navigateToMyActivityInDropdown" time="38.827"/>
</testsuite> <!-- org.testscripts.NavigateToMyActivityInDropdown -->
