<?xml version="1.0" encoding="UTF-8"?>
<!-- Generated by org.testng.reporters.JUnitReportReporter -->
<testsuite ignored="0" hostname="Qualitrix-LinuxPC" failures="0" tests="1" name="org.testscript.ResendAnnouncement" time="64.861" errors="0" timestamp="04 Dec 2018 10:05:54 GMT" skipped="0">
  <testcase classname="org.testscript.ResendAnnouncement" name="resendAnnouncement" time="64.861"/>
</testsuite> <!-- org.testscript.ResendAnnouncement -->
