<?xml version="1.0" encoding="UTF-8"?>
<!-- Generated by org.testng.reporters.JUnitReportReporter -->
<testsuite ignored="0" hostname="Qualitrix-LinuxPC" failures="0" tests="1" name="org.testscript.CreateVerifyAndDeleteAnnouncement" time="79.445" errors="0" timestamp="04 Dec 2018 10:54:24 GMT" skipped="0">
  <testcase classname="org.testscript.CreateVerifyAndDeleteAnnouncement" name="createVerifyAndDeleteAnnouncement" time="79.445"/>
</testsuite> <!-- org.testscript.CreateVerifyAndDeleteAnnouncement -->
