<?xml version="1.0" encoding="UTF-8"?>
<!-- Generated by org.testng.reporters.JUnitReportReporter -->
<testsuite name="org.testscript.UploadContentTypeMp4AndVerify" tests="1" time="0.266" ignored="0" failures="0" timestamp="07 Dec 2018 09:32:38 GMT" skipped="1" hostname="QUALITRIX-PC" errors="0">
  <testcase name="uploadContentTypeMp4AndVerify" time="0.266" classname="org.testscript.UploadContentTypeMp4AndVerify">
    <skipped/>
  </testcase> <!-- uploadContentTypeMp4AndVerify -->
</testsuite> <!-- org.testscript.UploadContentTypeMp4AndVerify -->
