<?xml version="1.0" encoding="UTF-8"?>
<!-- Generated by org.testng.reporters.JUnitReportReporter -->
<testsuite ignored="0" hostname="Qualitrix-LinuxPC" failures="0" tests="1" name="org.testscript.OpenAnnouncement" time="32.664" errors="0" timestamp="04 Dec 2018 10:05:54 GMT" skipped="0">
  <testcase classname="org.testscript.OpenAnnouncement" name="openAnnouncement" time="32.664"/>
</testsuite> <!-- org.testscript.OpenAnnouncement -->
