<?xml version="1.0" encoding="UTF-8"?>
<!-- Generated by org.testng.reporters.JUnitReportReporter -->
<testsuite ignored="0" hostname="Qualitrix-LinuxPC" failures="0" tests="1" name="org.testscript.TC_283" time="0.000" errors="0" timestamp="07 Dec 2018 12:46:58 GMT" skipped="1">
  <testcase classname="org.testscript.TC_283" name="TC_283_allMyContent" time="0.000">
    <skipped/>
  </testcase> <!-- TC_283_allMyContent -->
</testsuite> <!-- org.testscript.TC_283 -->
