<?xml version="1.0" encoding="UTF-8"?>
<!-- Generated by org.testng.reporters.JUnitReportReporter -->
<testsuite ignored="0" hostname="Qualitrix-LinuxPC" failures="0" tests="1" name="org.sunbird.testscripts.BookCreateOptionValidation" time="0.000" errors="0" timestamp="18 Oct 2018 08:02:06 GMT" skipped="1">
  <testcase classname="org.sunbird.testscripts.BookCreateOptionValidation" name="bookCreateOptionValidation" time="0.000">
    <skipped/>
  </testcase> <!-- bookCreateOptionValidation -->
</testsuite> <!-- org.sunbird.testscripts.BookCreateOptionValidation -->
