<?xml version="1.0" encoding="UTF-8"?>
<!-- Generated by org.testng.reporters.JUnitReportReporter -->
<testsuite ignored="0" hostname="Qualitrix-LinuxPC" failures="0" tests="1" name="org.testscript.regression.LimitedSharedContentInLimitedSharingSection" time="0.001" errors="0" timestamp="07 Dec 2018 09:27:46 GMT" skipped="1">
  <testcase classname="org.testscript.regression.LimitedSharedContentInLimitedSharingSection" name="workspace_LimitedPublishing" time="0.001">
    <skipped/>
  </testcase> <!-- workspace_LimitedPublishing -->
</testsuite> <!-- org.testscript.regression.LimitedSharedContentInLimitedSharingSection -->
