<?xml version="1.0" encoding="UTF-8"?>
<!-- Generated by org.testng.reporters.JUnitReportReporter -->
<testsuite ignored="0" hostname="Qualitrix-LinuxPC" failures="0" tests="1" name="org.testscript.UploadContentTypeHtmlAndVerify" time="0.000" errors="0" timestamp="30 Nov 2018 07:18:41 GMT" skipped="1">
  <testcase classname="org.testscript.UploadContentTypeHtmlAndVerify" name="uploadContentTypeHtmlAndVerify" time="0.000">
    <skipped/>
  </testcase> <!-- uploadContentTypeHtmlAndVerify -->
</testsuite> <!-- org.testscript.UploadContentTypeHtmlAndVerify -->
