<?xml version="1.0" encoding="UTF-8"?>
<!-- Generated by org.testng.reporters.JUnitReportReporter -->
<testsuite ignored="0" hostname="Qualitrix-LinuxPC" failures="0" tests="1" name="org.testscript.UploadContentTypeH5pAndVerify" time="305.728" errors="0" timestamp="04 Dec 2018 06:17:41 GMT" skipped="0">
  <testcase classname="org.testscript.UploadContentTypeH5pAndVerify" name="uploadH5pContentAndVerify" time="305.728"/>
</testsuite> <!-- org.testscript.UploadContentTypeH5pAndVerify -->
