<?xml version="1.0" encoding="UTF-8"?>
<!-- Generated by org.testng.reporters.JUnitReportReporter -->
<testsuite ignored="0" hostname="Qualitrix-LinuxPC" failures="0" tests="2" name="org.testscripts.AdminCreationAndDownloadCsv" time="0.001" errors="0" timestamp="29 Nov 2018 13:36:58 GMT" skipped="2">
  <testcase classname="org.testscripts.AdminCreationAndDownloadCsv" name="adminCreationAndDownloadCsv" time="0.000">
    <skipped/>
  </testcase> <!-- adminCreationAndDownloadCsv -->
  <testcase classname="org.testscripts.AdminCreationAndDownloadCsv" name="adminCreationAndDownloadCsv" time="0.001">
    <skipped/>
  </testcase> <!-- adminCreationAndDownloadCsv -->
</testsuite> <!-- org.testscripts.AdminCreationAndDownloadCsv -->
