<?xml version="1.0" encoding="UTF-8"?>
<!-- Generated by org.testng.reporters.JUnitReportReporter -->
<testsuite ignored="0" hostname="Qualitrix-LinuxPC" failures="0" tests="1" name="org.testscript.CollectionCreation" time="261.716" errors="0" timestamp="10 Dec 2018 11:31:11 GMT" skipped="0">
  <testcase classname="org.testscript.CollectionCreation" name="collectionCreation" time="261.716"/>
</testsuite> <!-- org.testscript.CollectionCreation -->
