<?xml version="1.0" encoding="UTF-8"?>
<!-- Generated by org.testng.reporters.JUnitReportReporter -->
<testsuite name="org.testscript.regression.VerifyFeaturesOfProfileIconAndWorkspace" tests="1" time="0.016" ignored="0" failures="0" timestamp="07 Dec 2018 09:32:38 GMT" skipped="1" hostname="QUALITRIX-PC" errors="0">
  <testcase name="verifyProfileIcon4Features_workspaceFeatures" time="0.016" classname="org.testscript.regression.VerifyFeaturesOfProfileIconAndWorkspace">
    <skipped/>
  </testcase> <!-- verifyProfileIcon4Features_workspaceFeatures -->
</testsuite> <!-- org.testscript.regression.VerifyFeaturesOfProfileIconAndWorkspace -->
