<?xml version="1.0" encoding="UTF-8"?>
<!-- Generated by org.testng.reporters.JUnitReportReporter -->
<<<<<<< HEAD
<testsuite name="org.testscript.AdminCreationAndDownloadCsv" tests="2" time="0.005" ignored="0" failures="0" timestamp="07 Dec 2018 09:32:38 GMT" skipped="2" hostname="QUALITRIX-PC" errors="0">
  <testcase name="adminCreationAndDownloadCsv" time="0.003" classname="org.testscript.AdminCreationAndDownloadCsv">
=======
<testsuite ignored="0" hostname="Qualitrix-LinuxPC" failures="0" tests="2" name="org.testscript.AdminCreationAndDownloadCsv" time="0.002" errors="0" timestamp="07 Dec 2018 12:46:58 GMT" skipped="2">
  <testcase classname="org.testscript.AdminCreationAndDownloadCsv" name="adminCreationAndDownloadCsv" time="0.001">
>>>>>>> fd04c9623bd7c1c59433d937381798497fdf2ad8
    <skipped/>
  </testcase> <!-- adminCreationAndDownloadCsv -->
  <testcase name="adminCreationAndDownloadCsv" time="0.002" classname="org.testscript.AdminCreationAndDownloadCsv">
    <skipped/>
  </testcase> <!-- adminCreationAndDownloadCsv -->
</testsuite> <!-- org.testscript.AdminCreationAndDownloadCsv -->
