<?xml version="1.0" encoding="UTF-8"?>
<!-- Generated by org.testng.reporters.JUnitReportReporter -->
<testsuite ignored="0" hostname="Qualitrix-LinuxPC" failures="0" tests="1" name="org.testscript.CheckAvailabilityOfCourseForInvitedMember" time="250.949" errors="0" timestamp="04 Dec 2018 09:57:30 GMT" skipped="0">
  <testcase classname="org.testscript.CheckAvailabilityOfCourseForInvitedMember" name="checkAvailabilityOfCourseForInvitedMember" time="250.949"/>
</testsuite> <!-- org.testscript.CheckAvailabilityOfCourseForInvitedMember -->
