<?xml version="1.0" encoding="UTF-8"?>
<!-- Generated by org.testng.reporters.JUnitReportReporter -->
<testsuite ignored="0" hostname="Qualitrix-LinuxPC" failures="0" tests="1" name="org.testscript.CreateLessonPlanAndVerify" time="33.980" errors="0" timestamp="03 Dec 2018 09:57:28 GMT" skipped="0">
  <testcase classname="org.testscript.CreateLessonPlanAndVerify" name="createLessonAndVerify" time="33.980"/>
</testsuite> <!-- org.testscript.CreateLessonPlanAndVerify -->
