<?xml version="1.0" encoding="UTF-8"?>
<!-- Generated by org.testng.reporters.JUnitReportReporter -->
<testsuite ignored="0" hostname="Qualitrix-LinuxPC" failures="0" tests="1" name="org.testscript.BookCreateOptionValidation" time="0.000" errors="0" timestamp="04 Dec 2018 16:12:31 GMT" skipped="1">
  <testcase classname="org.testscript.BookCreateOptionValidation" name="bookCreateOptionValidation" time="0.000">
    <skipped/>
  </testcase> <!-- bookCreateOptionValidation -->
</testsuite> <!-- org.testscript.BookCreateOptionValidation -->
