<?xml version="1.0" encoding="UTF-8"?>
<!-- Generated by org.testng.reporters.JUnitReportReporter -->
<testsuite name="org.testscript.UploadEpubContent" tests="1" time="0.019" ignored="0" failures="0" timestamp="07 Dec 2018 09:32:40 GMT" skipped="1" hostname="QUALITRIX-PC" errors="0">
  <testcase name="uploadEpubContent" time="0.019" classname="org.testscript.UploadEpubContent">
    <skipped/>
  </testcase> <!-- uploadEpubContent -->
</testsuite> <!-- org.testscript.UploadEpubContent -->
