<?xml version="1.0" encoding="UTF-8"?>
<!-- Generated by org.testng.reporters.JUnitReportReporter -->
<testsuite ignored="0" hostname="Qualitrix-LinuxPC" failures="0" tests="1" name="org.testscripts.OpenAnnouncement" time="35.957" errors="0" timestamp="23 Nov 2018 09:59:28 GMT" skipped="0">
  <testcase classname="org.testscripts.OpenAnnouncement" name="openAnnouncement" time="35.957"/>
</testsuite> <!-- org.testscripts.OpenAnnouncement -->
