<?xml version="1.0" encoding="UTF-8"?>
<!-- Generated by org.testng.reporters.JUnitReportReporter -->
<testsuite ignored="0" hostname="Qualitrix-LinuxPC" failures="0" tests="1" name="org.testscripts.BookCreation" time="857.254" errors="0" timestamp="26 Nov 2018 10:47:30 GMT" skipped="0">
  <testcase classname="org.testscripts.BookCreation" name="bookCreation" time="857.254"/>
</testsuite> <!-- org.testscripts.BookCreation -->
