<?xml version="1.0" encoding="UTF-8"?>
<!-- Generated by org.testng.reporters.JUnitReportReporter -->
<testsuite ignored="0" hostname="Qualitrix-LinuxPC" failures="0" tests="1" name="org.testscripts.SearchCourseCreateInviteOnlyBatch" time="77.607" errors="0" timestamp="28 Nov 2018 10:46:20 GMT" skipped="0">
  <testcase classname="org.testscripts.SearchCourseCreateInviteOnlyBatch" name="searchCourseCreateInviteOnlyBatch" time="77.607"/>
</testsuite> <!-- org.testscripts.SearchCourseCreateInviteOnlyBatch -->
