<?xml version="1.0" encoding="UTF-8"?>
<!-- Generated by org.testng.reporters.JUnitReportReporter -->
<testsuite ignored="0" hostname="Qualitrix-LinuxPC" failures="0" tests="2" name="org.testscript.AdminCreationAndDownloadCsv" time="130.473" errors="0" timestamp="05 Dec 2018 08:20:34 GMT" skipped="0">
  <testcase classname="org.testscript.AdminCreationAndDownloadCsv" name="adminCreationAndDownloadCsv" time="66.362"/>
  <testcase classname="org.testscript.AdminCreationAndDownloadCsv" name="adminCreationAndDownloadCsv" time="64.111"/>
</testsuite> <!-- org.testscript.AdminCreationAndDownloadCsv -->
