<?xml version="1.0" encoding="UTF-8"?>
<!-- Generated by org.testng.reporters.JUnitReportReporter -->
<testsuite name="org.testscript.TC_282" tests="1" time="0.005" ignored="0" failures="0" timestamp="07 Dec 2018 09:32:40 GMT" skipped="1" hostname="QUALITRIX-PC" errors="0">
  <testcase name="TC_282_allMyContent" time="0.005" classname="org.testscript.TC_282">
    <skipped/>
  </testcase> <!-- TC_282_allMyContent -->
</testsuite> <!-- org.testscript.TC_282 -->
