<?xml version="1.0" encoding="UTF-8"?>
<!-- Generated by org.testng.reporters.JUnitReportReporter -->
<testsuite ignored="0" hostname="Qualitrix-LinuxPC" failures="0" tests="1" name="org.testscript.TC_202" time="0.001" errors="0" timestamp="07 Dec 2018 09:27:46 GMT" skipped="1">
  <testcase classname="org.testscript.TC_202" name="TC_202_memberSearchInBatch" time="0.001">
    <skipped/>
  </testcase> <!-- TC_202_memberSearchInBatch -->
</testsuite> <!-- org.testscript.TC_202 -->
