<?xml version="1.0" encoding="UTF-8"?>
<!-- Generated by org.testng.reporters.JUnitReportReporter -->
<<<<<<< HEAD
<testsuite name="org.testscript.CreateBookAndVerifyOnlyBooksPresent" tests="1" time="0.011" ignored="0" failures="0" timestamp="07 Dec 2018 09:32:38 GMT" skipped="1" hostname="QUALITRIX-PC" errors="0">
  <testcase name="createBookAndVerifyOnlyBooksPresent" time="0.011" classname="org.testscript.CreateBookAndVerifyOnlyBooksPresent">
=======
<testsuite ignored="0" hostname="Qualitrix-LinuxPC" failures="0" tests="1" name="org.testscript.CreateBookAndVerifyOnlyBooksPresent" time="0.000" errors="0" timestamp="07 Dec 2018 12:46:58 GMT" skipped="1">
  <testcase classname="org.testscript.CreateBookAndVerifyOnlyBooksPresent" name="createBookAndVerifyOnlyBooksPresent" time="0.000">
>>>>>>> fd04c9623bd7c1c59433d937381798497fdf2ad8
    <skipped/>
  </testcase> <!-- createBookAndVerifyOnlyBooksPresent -->
</testsuite> <!-- org.testscript.CreateBookAndVerifyOnlyBooksPresent -->
