<?xml version="1.0" encoding="UTF-8"?>
<!-- Generated by org.testng.reporters.JUnitReportReporter -->
<<<<<<< HEAD
<testsuite name="org.testscript.TC_205" tests="1" time="0.001" ignored="0" failures="0" timestamp="07 Dec 2018 09:32:39 GMT" skipped="1" hostname="QUALITRIX-PC" errors="0">
  <testcase name="TC_205_lessonPlan" time="0.001" classname="org.testscript.TC_205">
=======
<testsuite ignored="0" hostname="Qualitrix-LinuxPC" failures="0" tests="1" name="org.testscript.TC_205" time="0.001" errors="0" timestamp="07 Dec 2018 12:46:58 GMT" skipped="1">
  <testcase classname="org.testscript.TC_205" name="TC_205_lessonPlan" time="0.001">
>>>>>>> fd04c9623bd7c1c59433d937381798497fdf2ad8
    <skipped/>
  </testcase> <!-- TC_205_lessonPlan -->
</testsuite> <!-- org.testscript.TC_205 -->
