<?xml version="1.0" encoding="UTF-8"?>
<!-- Generated by org.testng.reporters.JUnitReportReporter -->
<<<<<<< HEAD
<testsuite ignored="0" hostname="Qualitrix-LinuxPC" failures="0" tests="1" name="org.testscript.CheckSuborgMentorInvitingOrgMember" time="231.403" errors="0" timestamp="10 Dec 2018 03:46:53 GMT" skipped="0">
  <testcase classname="org.testscript.CheckSuborgMentorInvitingOrgMember" name="suborgMentorInvitingOrgMember" time="231.403"/>
=======
<<<<<<< HEAD
<testsuite name="org.testscript.CheckSuborgMentorInvitingOrgMember" tests="1" time="0.003" ignored="0" failures="0" timestamp="07 Dec 2018 09:32:40 GMT" skipped="1" hostname="QUALITRIX-PC" errors="0">
  <testcase name="suborgMentorInvitingOrgMember" time="0.003" classname="org.testscript.CheckSuborgMentorInvitingOrgMember">
=======
<testsuite ignored="0" hostname="Qualitrix-LinuxPC" failures="0" tests="1" name="org.testscript.CheckSuborgMentorInvitingOrgMember" time="0.001" errors="0" timestamp="07 Dec 2018 12:46:58 GMT" skipped="1">
  <testcase classname="org.testscript.CheckSuborgMentorInvitingOrgMember" name="suborgMentorInvitingOrgMember" time="0.001">
>>>>>>> fd04c9623bd7c1c59433d937381798497fdf2ad8
    <skipped/>
  </testcase> <!-- suborgMentorInvitingOrgMember -->
>>>>>>> 6565901281ae9a3a962beb76e038941897e5ac3b
</testsuite> <!-- org.testscript.CheckSuborgMentorInvitingOrgMember -->
