<?xml version="1.0" encoding="UTF-8"?>
<!-- Generated by org.testng.reporters.JUnitReportReporter -->
<testsuite ignored="0" hostname="Qualitrix-LinuxPC" failures="0" tests="1" name="org.testscripts.CheckAvailabilityOfCourseForInvitedMember" time="389.188" errors="0" timestamp="28 Nov 2018 08:41:06 GMT" skipped="0">
  <testcase classname="org.testscripts.CheckAvailabilityOfCourseForInvitedMember" name="checkAvailabilityOfCourseForInvitedMember" time="389.188"/>
</testsuite> <!-- org.testscripts.CheckAvailabilityOfCourseForInvitedMember -->
