<?xml version="1.0" encoding="UTF-8"?>
<!-- Generated by org.testng.reporters.JUnitReportReporter -->
<testsuite ignored="0" hostname="Qualitrix-LinuxPC" failures="0" tests="1" name="org.testscript.ConsumeOpenCourseByPublicUserAndCheckCourseStatAsMentor" time="78.157" errors="0" timestamp="06 Dec 2018 06:55:42 GMT" skipped="0">
  <testcase classname="org.testscript.ConsumeOpenCourseByPublicUserAndCheckCourseStatAsMentor" name="consumeOpenCourseByPublicUserAndCheckCourseStatAsMentor" time="78.157"/>
</testsuite> <!-- org.testscript.ConsumeOpenCourseByPublicUserAndCheckCourseStatAsMentor -->
