<?xml version="1.0" encoding="UTF-8"?>
<!-- Generated by org.testng.reporters.JUnitReportReporter -->
<testsuite ignored="0" hostname="Qualitrix-LinuxPC" failures="0" tests="1" name="org.testscript.regression.LimitedSharedContentInLimitedSharingSection" time="61.488" errors="0" timestamp="10 Dec 2018 03:46:53 GMT" skipped="0">
  <testcase classname="org.testscript.regression.LimitedSharedContentInLimitedSharingSection" name="workspace_LimitedPublishing" time="61.488"/>
</testsuite> <!-- org.testscript.regression.LimitedSharedContentInLimitedSharingSection -->
