<?xml version="1.0" encoding="UTF-8"?>
<!-- Generated by org.testng.reporters.JUnitReportReporter -->
<testsuite ignored="0" hostname="Qualitrix-LinuxPC" failures="0" tests="2" name="org.testscript.AdminCreationAndDownloadCsv" time="0.000" errors="0" timestamp="30 Nov 2018 07:18:42 GMT" skipped="2">
  <testcase classname="org.testscript.AdminCreationAndDownloadCsv" name="adminCreationAndDownloadCsv" time="0.000">
    <skipped/>
  </testcase> <!-- adminCreationAndDownloadCsv -->
  <testcase classname="org.testscript.AdminCreationAndDownloadCsv" name="adminCreationAndDownloadCsv" time="0.000">
    <skipped/>
  </testcase> <!-- adminCreationAndDownloadCsv -->
</testsuite> <!-- org.testscript.AdminCreationAndDownloadCsv -->
