<?xml version="1.0" encoding="UTF-8"?>
<!-- Generated by org.testng.reporters.JUnitReportReporter -->
<<<<<<< HEAD
<testsuite name="org.testscript.regression.VerifyAnnouncementPageContent" tests="3" time="0.004" ignored="0" failures="0" timestamp="07 Dec 2018 09:32:40 GMT" skipped="3" hostname="QUALITRIX-PC" errors="0">
  <testcase name="verifyAnnouncementMessage" time="0.003" classname="org.testscript.regression.VerifyAnnouncementPageContent">
    <skipped/>
  </testcase> <!-- verifyAnnouncementMessage -->
  <testcase name="VerifyAnnouncementDetails" time="0.000" classname="org.testscript.regression.VerifyAnnouncementPageContent">
    <skipped/>
  </testcase> <!-- VerifyAnnouncementDetails -->
  <testcase name="VerifyAnnouncementCreationFields" time="0.001" classname="org.testscript.regression.VerifyAnnouncementPageContent">
=======
<testsuite ignored="0" hostname="Qualitrix-LinuxPC" failures="0" tests="3" name="org.testscript.regression.VerifyAnnouncementPageContent" time="0.001" errors="0" timestamp="07 Dec 2018 12:46:58 GMT" skipped="3">
  <testcase classname="org.testscript.regression.VerifyAnnouncementPageContent" name="VerifyAnnouncementDetails" time="0.001">
    <skipped/>
  </testcase> <!-- VerifyAnnouncementDetails -->
  <testcase classname="org.testscript.regression.VerifyAnnouncementPageContent" name="VerifyAnnouncementCreationFields" time="0.000">
>>>>>>> fd04c9623bd7c1c59433d937381798497fdf2ad8
    <skipped/>
  </testcase> <!-- VerifyAnnouncementCreationFields -->
  <testcase classname="org.testscript.regression.VerifyAnnouncementPageContent" name="verifyAnnouncementMessage" time="0.000">
    <skipped/>
  </testcase> <!-- verifyAnnouncementMessage -->
</testsuite> <!-- org.testscript.regression.VerifyAnnouncementPageContent -->
