<?xml version="1.0" encoding="UTF-8"?>
<!-- Generated by org.testng.reporters.JUnitReportReporter -->
<testsuite ignored="0" hostname="Qualitrix-LinuxPC" failures="0" tests="1" name="org.testscripts.UploadMp4Content" time="419.694" errors="0" timestamp="28 Nov 2018 12:09:56 GMT" skipped="0">
  <testcase classname="org.testscripts.UploadMp4Content" name="uploadMp4Content" time="419.694"/>
</testsuite> <!-- org.testscripts.UploadMp4Content -->
