<?xml version="1.0" encoding="UTF-8"?>
<!-- Generated by org.testng.reporters.JUnitReportReporter -->
<testsuite ignored="0" hostname="Qualitrix-LinuxPC" failures="0" tests="1" name="org.testscripts.NavigateToAnnouncementDashboard" time="72.982" errors="0" timestamp="28 Nov 2018 10:58:27 GMT" skipped="0">
  <testcase classname="org.testscripts.NavigateToAnnouncementDashboard" name="navigateToAnnouncementDashboard" time="72.982"/>
</testsuite> <!-- org.testscripts.NavigateToAnnouncementDashboard -->
