<?xml version="1.0" encoding="UTF-8"?>
<!-- Generated by org.testng.reporters.JUnitReportReporter -->
<<<<<<< HEAD
<testsuite name="org.testscript.regression.RejectTheUploadedContent" tests="1" time="0.003" ignored="0" failures="0" timestamp="07 Dec 2018 09:32:40 GMT" skipped="1" hostname="QUALITRIX-PC" errors="0">
  <testcase name="rejectTheUploadedContent" time="0.003" classname="org.testscript.regression.RejectTheUploadedContent">
=======
<testsuite ignored="0" hostname="Qualitrix-LinuxPC" failures="0" tests="1" name="org.testscript.regression.RejectTheUploadedContent" time="0.000" errors="0" timestamp="07 Dec 2018 12:46:58 GMT" skipped="1">
  <testcase classname="org.testscript.regression.RejectTheUploadedContent" name="rejectTheUploadedContent" time="0.000">
>>>>>>> fd04c9623bd7c1c59433d937381798497fdf2ad8
    <skipped/>
  </testcase> <!-- rejectTheUploadedContent -->
</testsuite> <!-- org.testscript.regression.RejectTheUploadedContent -->
