<?xml version="1.0" encoding="UTF-8"?>
<!-- Generated by org.testng.reporters.JUnitReportReporter -->
<testsuite ignored="0" hostname="Qualitrix-LinuxPC" failures="0" tests="1" name="org.testscript.regression.VerifyUploadAndDownloadContent" time="64.537" errors="0" timestamp="04 Dec 2018 09:24:51 GMT" skipped="0">
  <testcase classname="org.testscript.regression.VerifyUploadAndDownloadContent" name="verifyUploadAndDownloadContent" time="64.537"/>
</testsuite> <!-- org.testscript.regression.VerifyUploadAndDownloadContent -->
