<?xml version="1.0" encoding="UTF-8"?>
<!-- Generated by org.testng.reporters.JUnitReportReporter -->
<testsuite ignored="0" hostname="Qualitrix-LinuxPC" failures="0" tests="1" name="org.testscript.regression.CreateResourceByUploadingVideoAndActivityPlugins" time="0.000" errors="0" timestamp="30 Nov 2018 07:18:42 GMT" skipped="1">
  <testcase classname="org.testscript.regression.CreateResourceByUploadingVideoAndActivityPlugins" name="verifyUploadingVideo_AddingActivity" time="0.000">
    <skipped/>
  </testcase> <!-- verifyUploadingVideo_AddingActivity -->
</testsuite> <!-- org.testscript.regression.CreateResourceByUploadingVideoAndActivityPlugins -->
