<?xml version="1.0" encoding="UTF-8"?>
<!-- Generated by org.testng.reporters.JUnitReportReporter -->
<testsuite ignored="0" hostname="Qualitrix-LinuxPC" failures="0" tests="1" name="org.testscripts.CheckForAuthenticUserInMentor" time="51.524" errors="0" timestamp="23 Nov 2018 11:09:16 GMT" skipped="0">
  <testcase classname="org.testscripts.CheckForAuthenticUserInMentor" name="checkForAuthenticUserInMentor" time="51.524"/>
</testsuite> <!-- org.testscripts.CheckForAuthenticUserInMentor -->
