<?xml version="1.0" encoding="UTF-8"?>
<!-- Generated by org.testng.reporters.JUnitReportReporter -->
<testsuite ignored="0" hostname="Qualitrix-LinuxPC" failures="0" tests="1" name="org.testscript.CheckCourseStatAsMentor" time="0.001" errors="0" timestamp="07 Dec 2018 03:01:14 GMT" skipped="1">
  <testcase classname="org.testscript.CheckCourseStatAsMentor" name="checkCourseStatAsMentor" time="0.001">
    <skipped/>
  </testcase> <!-- checkCourseStatAsMentor -->
</testsuite> <!-- org.testscript.CheckCourseStatAsMentor -->
