<?xml version="1.0" encoding="UTF-8"?>
<!-- Generated by org.testng.reporters.JUnitReportReporter -->
<testsuite name="org.testscript.LoginAndChangePassword" tests="1" time="0.044" ignored="0" failures="0" timestamp="07 Dec 2018 09:32:39 GMT" skipped="1" hostname="QUALITRIX-PC" errors="0">
  <testcase name="loginAndChangePassword" time="0.044" classname="org.testscript.LoginAndChangePassword">
    <skipped/>
  </testcase> <!-- loginAndChangePassword -->
</testsuite> <!-- org.testscript.LoginAndChangePassword -->
