<?xml version="1.0" encoding="UTF-8"?>
<!-- Generated by org.testng.reporters.JUnitReportReporter -->
<testsuite ignored="0" hostname="Qualitrix-LinuxPC" failures="0" tests="1" name="org.testscripts.UploadContentTypeMp4AndVerify" time="446.839" errors="0" timestamp="28 Nov 2018 12:24:55 GMT" skipped="0">
  <testcase classname="org.testscripts.UploadContentTypeMp4AndVerify" name="uploadContentTypeMp4AndVerify" time="446.839"/>
</testsuite> <!-- org.testscripts.UploadContentTypeMp4AndVerify -->
