<?xml version="1.0" encoding="UTF-8"?>
<!-- Generated by org.testng.reporters.JUnitReportReporter -->
<testsuite ignored="0" hostname="Qualitrix-LinuxPC" failures="0" tests="1" name="org.testscripts.ResendAnnouncementAndVerifyAsReciever" time="94.964" errors="0" timestamp="28 Nov 2018 10:53:54 GMT" skipped="0">
  <testcase classname="org.testscripts.ResendAnnouncementAndVerifyAsReciever" name="resendAnnouncementAndVerifyAsReciever" time="94.964"/>
</testsuite> <!-- org.testscripts.ResendAnnouncementAndVerifyAsReciever -->
