<?xml version="1.0" encoding="UTF-8"?>
<!-- Generated by org.testng.reporters.JUnitReportReporter -->
<testsuite ignored="0" hostname="Qualitrix-LinuxPC" failures="0" tests="1" name="org.testscripts.UploadContentTypePdfAndVerify" time="0.000" errors="0" timestamp="29 Nov 2018 13:36:58 GMT" skipped="1">
  <testcase classname="org.testscripts.UploadContentTypePdfAndVerify" name="uploadContentTypePdfAndVerify" time="0.000">
    <skipped/>
  </testcase> <!-- uploadContentTypePdfAndVerify -->
</testsuite> <!-- org.testscripts.UploadContentTypePdfAndVerify -->
