<?xml version="1.0" encoding="UTF-8"?>
<!-- Generated by org.testng.reporters.JUnitReportReporter -->
<testsuite name="org.testscript.regression.LatestContentOnTopOfUpForReviewAndSearch" tests="1" time="0.013" ignored="0" failures="0" timestamp="07 Dec 2018 09:32:40 GMT" skipped="1" hostname="QUALITRIX-PC" errors="0">
  <testcase name="latestContentIsOnTopUpForReviewAndSearch" time="0.013" classname="org.testscript.regression.LatestContentOnTopOfUpForReviewAndSearch">
    <skipped/>
  </testcase> <!-- latestContentIsOnTopUpForReviewAndSearch -->
</testsuite> <!-- org.testscript.regression.LatestContentOnTopOfUpForReviewAndSearch -->
