<?xml version="1.0" encoding="UTF-8"?>
<!-- Generated by org.testng.reporters.JUnitReportReporter -->
<testsuite name="org.testscript.TC_202" tests="1" time="0.001" ignored="0" failures="0" timestamp="07 Dec 2018 09:32:40 GMT" skipped="1" hostname="QUALITRIX-PC" errors="0">
  <testcase name="TC_202_memberSearchInBatch" time="0.001" classname="org.testscript.TC_202">
    <skipped/>
  </testcase> <!-- TC_202_memberSearchInBatch -->
</testsuite> <!-- org.testscript.TC_202 -->
