<?xml version="1.0" encoding="UTF-8"?>
<!-- Generated by org.testng.reporters.JUnitReportReporter -->
<testsuite ignored="0" hostname="Qualitrix-LinuxPC" failures="0" tests="1" name="org.testscript.DeleteAnnouncement" time="32.770" errors="0" timestamp="04 Dec 2018 13:12:18 GMT" skipped="0">
  <testcase classname="org.testscript.DeleteAnnouncement" name="deleteAnnouncement" time="32.770"/>
</testsuite> <!-- org.testscript.DeleteAnnouncement -->
