<?xml version="1.0" encoding="UTF-8"?>
<!-- Generated by org.testng.reporters.JUnitReportReporter -->
<testsuite ignored="0" hostname="Qualitrix-LinuxPC" failures="0" tests="1" name="org.testscript.RejectTheContent" time="133.634" errors="0" timestamp="06 Dec 2018 06:35:17 GMT" skipped="0">
  <testcase classname="org.testscript.RejectTheContent" name="rejectTheContent" time="133.634"/>
</testsuite> <!-- org.testscript.RejectTheContent -->
