<?xml version="1.0" encoding="UTF-8"?>
<!-- Generated by org.testng.reporters.JUnitReportReporter -->
<testsuite ignored="0" hostname="Qualitrix-LinuxPC" failures="0" tests="1" name="org.testscript.SearchCourse" time="0.000" errors="0" timestamp="07 Dec 2018 12:46:58 GMT" skipped="1">
  <testcase classname="org.testscript.SearchCourse" name="searchCourse" time="0.000">
    <skipped/>
  </testcase> <!-- searchCourse -->
</testsuite> <!-- org.testscript.SearchCourse -->
