<?xml version="1.0" encoding="UTF-8"?>
<!-- Generated by org.testng.reporters.JUnitReportReporter -->
<testsuite ignored="0" hostname="Qualitrix-LinuxPC" failures="0" tests="3" name="org.testscript.regression.VerifyAnnouncementPageContent" time="92.427" errors="0" timestamp="05 Dec 2018 08:20:34 GMT" skipped="0">
  <testcase classname="org.testscript.regression.VerifyAnnouncementPageContent" name="VerifyAnnouncementCreationFields" time="34.843"/>
  <testcase classname="org.testscript.regression.VerifyAnnouncementPageContent" name="verifyAnnouncementMessage" time="29.146"/>
  <testcase classname="org.testscript.regression.VerifyAnnouncementPageContent" name="VerifyAnnouncementDetails" time="28.438"/>
</testsuite> <!-- org.testscript.regression.VerifyAnnouncementPageContent -->
