<?xml version="1.0" encoding="UTF-8"?>
<!-- Generated by org.testng.reporters.JUnitReportReporter -->
<testsuite ignored="0" hostname="Qualitrix-LinuxPC" failures="0" tests="1" name="org.sunbird.testscripts.SearchOrgsAsAdmin" time="33.333" errors="0" timestamp="22 Nov 2018 11:55:08 GMT" skipped="0">
  <testcase classname="org.sunbird.testscripts.SearchOrgsAsAdmin" name="searchOrgsAsAdmin" time="33.333"/>
</testsuite> <!-- org.sunbird.testscripts.SearchOrgsAsAdmin -->
