<?xml version="1.0" encoding="UTF-8"?>
<!-- Generated by org.testng.reporters.JUnitReportReporter -->
<testsuite name="org.testscript.regression.VerifyReviewerRequestChangesTheBook" tests="1" time="0.004" ignored="0" failures="0" timestamp="07 Dec 2018 09:32:40 GMT" skipped="1" hostname="QUALITRIX-PC" errors="0">
  <testcase name="verifyReviewerRequestChangesTheBook" time="0.004" classname="org.testscript.regression.VerifyReviewerRequestChangesTheBook">
    <skipped/>
  </testcase> <!-- verifyReviewerRequestChangesTheBook -->
</testsuite> <!-- org.testscript.regression.VerifyReviewerRequestChangesTheBook -->
