<?xml version="1.0" encoding="UTF-8"?>
<!-- Generated by org.testng.reporters.JUnitReportReporter -->
<testsuite name="org.testscript.regression.NavigateToGetStartedAndExploreSunbird" tests="1" time="0.005" ignored="0" failures="0" timestamp="07 Dec 2018 09:32:39 GMT" skipped="1" hostname="QUALITRIX-PC" errors="0">
  <testcase name="verify_NavigateToGetStarted_ExploreSunbirdPage" time="0.005" classname="org.testscript.regression.NavigateToGetStartedAndExploreSunbird">
    <skipped/>
  </testcase> <!-- verify_NavigateToGetStarted_ExploreSunbirdPage -->
</testsuite> <!-- org.testscript.regression.NavigateToGetStartedAndExploreSunbird -->
