<?xml version="1.0" encoding="UTF-8"?>
<!-- Generated by org.testng.reporters.JUnitReportReporter -->
<testsuite ignored="0" hostname="Qualitrix-LinuxPC" failures="0" tests="1" name="org.testscripts.SearchOrgsAsAdmin" time="0.000" errors="0" timestamp="23 Nov 2018 10:45:54 GMT" skipped="1">
  <testcase classname="org.testscripts.SearchOrgsAsAdmin" name="searchOrgsAsAdmin" time="0.000">
    <skipped/>
  </testcase> <!-- searchOrgsAsAdmin -->
</testsuite> <!-- org.testscripts.SearchOrgsAsAdmin -->
