<?xml version="1.0" encoding="UTF-8"?>
<!-- Generated by org.testng.reporters.JUnitReportReporter -->
<<<<<<< HEAD
<testsuite name="org.testscript.LimitedSharingTheContent" tests="1" time="0.001" ignored="0" failures="0" timestamp="07 Dec 2018 09:32:39 GMT" skipped="1" hostname="QUALITRIX-PC" errors="0">
  <testcase name="limitedSharingTheContent" time="0.001" classname="org.testscript.LimitedSharingTheContent">
=======
<testsuite ignored="0" hostname="Qualitrix-LinuxPC" failures="0" tests="1" name="org.testscript.LimitedSharingTheContent" time="0.001" errors="0" timestamp="07 Dec 2018 12:46:58 GMT" skipped="1">
  <testcase classname="org.testscript.LimitedSharingTheContent" name="limitedSharingTheContent" time="0.001">
>>>>>>> fd04c9623bd7c1c59433d937381798497fdf2ad8
    <skipped/>
  </testcase> <!-- limitedSharingTheContent -->
</testsuite> <!-- org.testscript.LimitedSharingTheContent -->
