<?xml version="1.0" encoding="UTF-8"?>
<!-- Generated by org.testng.reporters.JUnitReportReporter -->
<testsuite ignored="0" hostname="Qualitrix-LinuxPC" failures="0" tests="1" name="org.testscripts.regression.VerifyPropertySection_PreviewSlidesAndFromBegining" time="0.001" errors="0" timestamp="29 Nov 2018 13:36:59 GMT" skipped="1">
  <testcase classname="org.testscripts.regression.VerifyPropertySection_PreviewSlidesAndFromBegining" name="propertySection_And_PreviewSlides_CreatorTC119_120_121" time="0.001">
    <skipped/>
  </testcase> <!-- propertySection_And_PreviewSlides_CreatorTC119_120_121 -->
</testsuite> <!-- org.testscripts.regression.VerifyPropertySection_PreviewSlidesAndFromBegining -->
