<?xml version="1.0" encoding="UTF-8"?>
<!-- Generated by org.testng.reporters.JUnitReportReporter -->
<testsuite ignored="0" hostname="Qualitrix-LinuxPC" failures="0" tests="1" name="org.testscripts.Creator_TC136_TC137" time="152.897" errors="0" timestamp="29 Nov 2018 07:25:51 GMT" skipped="0">
  <testcase classname="org.testscripts.Creator_TC136_TC137" name="workspace_reviewsubmission" time="152.897"/>
</testsuite> <!-- org.testscripts.Creator_TC136_TC137 -->
