<?xml version="1.0" encoding="UTF-8"?>
<!-- Generated by org.testng.reporters.JUnitReportReporter -->
<testsuite ignored="0" hostname="Qualitrix-LinuxPC" failures="0" tests="1" name="org.testscripts.CheckSuborgMentorInvitingOrgMember" time="312.473" errors="0" timestamp="28 Nov 2018 09:11:28 GMT" skipped="0">
  <testcase classname="org.testscripts.CheckSuborgMentorInvitingOrgMember" name="suborgMentorInvitingOrgMember" time="312.473"/>
</testsuite> <!-- org.testscripts.CheckSuborgMentorInvitingOrgMember -->
