<?xml version="1.0" encoding="UTF-8"?>
<!-- Generated by org.testng.reporters.JUnitReportReporter -->
<testsuite ignored="0" hostname="Qualitrix-LinuxPC" failures="0" tests="1" name="org.testscript.regression.SameUserNameIsNotAllowedWhileSignup" time="36.117" errors="0" timestamp="10 Dec 2018 11:47:51 GMT" skipped="0">
  <testcase classname="org.testscript.regression.SameUserNameIsNotAllowedWhileSignup" name="verify_SignUpFailure" time="36.117"/>
</testsuite> <!-- org.testscript.regression.SameUserNameIsNotAllowedWhileSignup -->
