<?xml version="1.0" encoding="UTF-8"?>
<!-- Generated by org.testng.reporters.JUnitReportReporter -->
<testsuite ignored="0" hostname="Qualitrix-LinuxPC" failures="0" tests="1" name="org.testscripts.ConsumeOpenCourseByPublicUserAndCheckCourseStatAsMentor" time="43.583" errors="0" timestamp="26 Nov 2018 12:59:05 GMT" skipped="0">
  <testcase classname="org.testscripts.ConsumeOpenCourseByPublicUserAndCheckCourseStatAsMentor" name="consumeOpenCourseByPublicUserAndCheckCourseStatAsMentor" time="43.583"/>
</testsuite> <!-- org.testscripts.ConsumeOpenCourseByPublicUserAndCheckCourseStatAsMentor -->
