<?xml version="1.0" encoding="UTF-8"?>
<!-- Generated by org.testng.reporters.JUnitReportReporter -->
<testsuite ignored="0" hostname="Qualitrix-LinuxPC" failures="0" tests="1" name="org.testscripts.CollectionCreation" time="547.253" errors="0" timestamp="26 Nov 2018 11:41:10 GMT" skipped="0">
  <testcase classname="org.testscripts.CollectionCreation" name="collectionCreation" time="547.253"/>
</testsuite> <!-- org.testscripts.CollectionCreation -->
