<?xml version="1.0" encoding="UTF-8"?>
<!-- Generated by org.testng.reporters.JUnitReportReporter -->
<testsuite ignored="0" hostname="Qualitrix-LinuxPC" failures="0" tests="1" name="org.testscript.UpdateBatchAsInvitedMentor" time="0.004" errors="0" timestamp="03 Dec 2018 07:18:59 GMT" skipped="1">
  <testcase classname="org.testscript.UpdateBatchAsInvitedMentor" name="updateBatchAsInvitedMentor" time="0.004">
    <skipped/>
  </testcase> <!-- updateBatchAsInvitedMentor -->
</testsuite> <!-- org.testscript.UpdateBatchAsInvitedMentor -->
