<?xml version="1.0" encoding="UTF-8"?>
<!-- Generated by org.testng.reporters.JUnitReportReporter -->
<testsuite ignored="0" hostname="Qualitrix-LinuxPC" failures="0" tests="1" name="org.testscript.regression.UploadYoutubeFile" time="0.001" errors="0" timestamp="30 Nov 2018 07:18:42 GMT" skipped="1">
  <testcase classname="org.testscript.regression.UploadYoutubeFile" name="library_copyContent" time="0.001">
    <skipped/>
  </testcase> <!-- library_copyContent -->
</testsuite> <!-- org.testscript.regression.UploadYoutubeFile -->
