<?xml version="1.0" encoding="UTF-8"?>
<!-- Generated by org.testng.reporters.JUnitReportReporter -->
<testsuite ignored="0" hostname="Qualitrix-LinuxPC" failures="0" tests="1" name="org.testscripts.CheckForDownloadButtonAvailabilityForUserInProfile" time="109.101" errors="0" timestamp="28 Nov 2018 11:16:41 GMT" skipped="0">
  <testcase classname="org.testscripts.CheckForDownloadButtonAvailabilityForUserInProfile" name="checkForDownloadButtonAvailabilityForUserInProfile" time="109.101"/>
</testsuite> <!-- org.testscripts.CheckForDownloadButtonAvailabilityForUserInProfile -->
