<?xml version="1.0" encoding="UTF-8"?>
<!-- Generated by org.testng.reporters.JUnitReportReporter -->
<testsuite ignored="0" hostname="Qualitrix-LinuxPC" failures="0" tests="1" name="org.testscripts.UploadH5pContent" time="370.273" errors="0" timestamp="28 Nov 2018 13:23:13 GMT" skipped="0">
  <testcase classname="org.testscripts.UploadH5pContent" name="uploadH5pContent" time="370.273"/>
</testsuite> <!-- org.testscripts.UploadH5pContent -->
