<?xml version="1.0" encoding="UTF-8"?>
<!-- Generated by org.testng.reporters.JUnitReportReporter -->
<testsuite ignored="0" hostname="Qualitrix-LinuxPC" failures="0" tests="1" name="org.testscript.CreateCourseAndVerify" time="206.605" errors="0" timestamp="05 Dec 2018 06:23:05 GMT" skipped="0">
  <testcase classname="org.testscript.CreateCourseAndVerify" name="createCourseAndVerify" time="206.605"/>
</testsuite> <!-- org.testscript.CreateCourseAndVerify -->
