<?xml version="1.0" encoding="UTF-8"?>
<!-- Generated by org.testng.reporters.JUnitReportReporter -->
<testsuite ignored="0" hostname="Qualitrix-LinuxPC" failures="0" tests="1" name="org.testscripts.UploadHtmlContent" time="369.736" errors="0" timestamp="28 Nov 2018 13:23:13 GMT" skipped="0">
  <testcase classname="org.testscripts.UploadHtmlContent" name="uploadHtmlContent" time="369.736"/>
</testsuite> <!-- org.testscripts.UploadHtmlContent -->
