<?xml version="1.0" encoding="UTF-8"?>
<!-- Generated by org.testng.reporters.JUnitReportReporter -->
<testsuite ignored="0" hostname="Qualitrix-LinuxPC" failures="0" tests="1" name="org.testscripts.regression.VerifyFeaturesOfProfileIconAndWorkspace" time="0.000" errors="0" timestamp="29 Nov 2018 13:36:59 GMT" skipped="1">
  <testcase classname="org.testscripts.regression.VerifyFeaturesOfProfileIconAndWorkspace" name="verifyProfileIcon4Features_workspaceFeatures" time="0.000">
    <skipped/>
  </testcase> <!-- verifyProfileIcon4Features_workspaceFeatures -->
</testsuite> <!-- org.testscripts.regression.VerifyFeaturesOfProfileIconAndWorkspace -->
