<?xml version="1.0" encoding="UTF-8"?>
<!-- Generated by org.testng.reporters.JUnitReportReporter -->
<testsuite name="org.testscript.regression.CopyContentFromLibraryAndVerify" tests="1" time="0.004" ignored="0" failures="0" timestamp="07 Dec 2018 09:32:40 GMT" skipped="1" hostname="QUALITRIX-PC" errors="0">
  <testcase name="verifyCopyContent_Library" time="0.004" classname="org.testscript.regression.CopyContentFromLibraryAndVerify">
    <skipped/>
  </testcase> <!-- verifyCopyContent_Library -->
</testsuite> <!-- org.testscript.regression.CopyContentFromLibraryAndVerify -->
