<?xml version="1.0" encoding="UTF-8"?>
<!-- Generated by org.testng.reporters.JUnitReportReporter -->
<testsuite ignored="0" hostname="Qualitrix-LinuxPC" failures="0" tests="1" name="org.testscripts.ResendAnnouncementAndVerifyAsReciever" time="96.190" errors="0" timestamp="25 Nov 2018 06:53:31 GMT" skipped="0">
  <testcase classname="org.testscripts.ResendAnnouncementAndVerifyAsReciever" name="resendAnnouncement" time="96.190"/>
</testsuite> <!-- org.testscripts.ResendAnnouncementAndVerifyAsReciever -->
