<?xml version="1.0" encoding="UTF-8"?>
<!-- Generated by org.testng.reporters.JUnitReportReporter -->
<testsuite ignored="0" hostname="Qualitrix-LinuxPC" failures="0" tests="1" name="org.testscripts.ConsumeOpenCourseByPublicUser" time="0.003" errors="0" timestamp="29 Nov 2018 13:36:59 GMT" skipped="1">
  <testcase classname="org.testscripts.ConsumeOpenCourseByPublicUser" name="consumeOpenCourseByPublicUser" time="0.003">
    <skipped/>
  </testcase> <!-- consumeOpenCourseByPublicUser -->
</testsuite> <!-- org.testscripts.ConsumeOpenCourseByPublicUser -->
