<?xml version="1.0" encoding="UTF-8"?>
<!-- Generated by org.testng.reporters.JUnitReportReporter -->
<testsuite ignored="0" hostname="Qualitrix-LinuxPC" failures="0" tests="1" name="org.testscripts.regression.UpForReview_LatestContentInTop_SearchContent_FromSameChannel_ApplyAndResetFilters" time="0.000" errors="0" timestamp="29 Nov 2018 13:36:58 GMT" skipped="1">
  <testcase classname="org.testscripts.regression.UpForReview_LatestContentInTop_SearchContent_FromSameChannel_ApplyAndResetFilters" name="upForReview_ContentValidation_SearchWithFilter_TC92_93_94_96a_b" time="0.000">
    <skipped/>
  </testcase> <!-- upForReview_ContentValidation_SearchWithFilter_TC92_93_94_96a_b -->
</testsuite> <!-- org.testscripts.regression.UpForReview_LatestContentInTop_SearchContent_FromSameChannel_ApplyAndResetFilters -->
