<?xml version="1.0" encoding="UTF-8"?>
<!-- Generated by org.testng.reporters.JUnitReportReporter -->
<testsuite ignored="0" hostname="Qualitrix-LinuxPC" failures="0" tests="1" name="org.testscript.UploadContentTypeH5pAndVerify" time="0.001" errors="0" timestamp="07 Dec 2018 12:46:58 GMT" skipped="1">
  <testcase classname="org.testscript.UploadContentTypeH5pAndVerify" name="uploadH5pContentAndVerify" time="0.001">
    <skipped/>
  </testcase> <!-- uploadH5pContentAndVerify -->
</testsuite> <!-- org.testscript.UploadContentTypeH5pAndVerify -->
