<?xml version="1.0" encoding="UTF-8"?>
<!-- Generated by org.testng.reporters.JUnitReportReporter -->
<testsuite name="org.testscript.regression.QuestionTemplateFillInTheBlankCustom" tests="1" time="0.003" ignored="0" failures="0" timestamp="07 Dec 2018 09:32:41 GMT" skipped="1" hostname="QUALITRIX-PC" errors="0">
  <testcase name="QuestionTemplateFibCustomKeyboard" time="0.003" classname="org.testscript.regression.QuestionTemplateFillInTheBlankCustom">
    <skipped/>
  </testcase> <!-- QuestionTemplateFibCustomKeyboard -->
</testsuite> <!-- org.testscript.regression.QuestionTemplateFillInTheBlankCustom -->
