<?xml version="1.0" encoding="UTF-8"?>
<!-- Generated by org.testng.reporters.JUnitReportReporter -->
<testsuite ignored="0" hostname="Qualitrix-LinuxPC" failures="0" tests="1" name="org.testscript.CreateAnnouncementWithAttachment" time="0.002" errors="0" timestamp="04 Dec 2018 10:38:11 GMT" skipped="1">
  <testcase classname="org.testscript.CreateAnnouncementWithAttachment" name="createAnnouncementWithAttachment" time="0.002">
    <skipped/>
  </testcase> <!-- createAnnouncementWithAttachment -->
</testsuite> <!-- org.testscript.CreateAnnouncementWithAttachment -->
