<?xml version="1.0" encoding="UTF-8"?>
<!-- Generated by org.testng.reporters.JUnitReportReporter -->
<testsuite ignored="0" hostname="Qualitrix-LinuxPC" failures="0" tests="1" name="org.testscripts2.UploadContentTypeH5pAndVerify" time="0.001" errors="0" timestamp="26 Nov 2018 05:08:04 GMT" skipped="1">
  <testcase classname="org.testscripts2.UploadContentTypeH5pAndVerify" name="uploadContentH5pAndVerify" time="0.001">
    <skipped/>
  </testcase> <!-- uploadContentH5pAndVerify -->
</testsuite> <!-- org.testscripts2.UploadContentTypeH5pAndVerify -->
